TN:
SF:cli/create-project.js
FN:18,(anonymous_0)
FN:22,(anonymous_1)
FN:30,(anonymous_2)
FN:92,(anonymous_3)
FN:131,(anonymous_4)
FN:142,(anonymous_5)
FN:155,(anonymous_6)
FN:203,(anonymous_7)
FN:216,(anonymous_8)
FN:224,(anonymous_9)
FN:235,(anonymous_10)
FN:245,(anonymous_11)
FN:279,(anonymous_12)
FNF:13
FNH:0
FNDA:0,(anonymous_0)
FNDA:0,(anonymous_1)
FNDA:0,(anonymous_2)
FNDA:0,(anonymous_3)
FNDA:0,(anonymous_4)
FNDA:0,(anonymous_5)
FNDA:0,(anonymous_6)
FNDA:0,(anonymous_7)
FNDA:0,(anonymous_8)
FNDA:0,(anonymous_9)
FNDA:0,(anonymous_10)
FNDA:0,(anonymous_11)
FNDA:0,(anonymous_12)
DA:14,0
DA:15,0
DA:19,0
DA:23,0
DA:25,0
DA:31,0
DA:32,0
DA:33,0
DA:35,0
DA:89,0
DA:93,0
DA:95,0
DA:98,0
DA:101,0
DA:104,0
DA:107,0
DA:110,0
DA:113,0
DA:114,0
DA:118,0
DA:121,0
DA:123,0
DA:124,0
DA:125,0
DA:126,0
DA:127,0
DA:128,0
DA:132,0
DA:134,0
DA:135,0
DA:138,0
DA:143,0
DA:150,0
DA:151,0
DA:156,0
DA:189,0
DA:190,0
DA:191,0
DA:194,0
DA:195,0
DA:196,0
DA:197,0
DA:200,0
DA:204,0
DA:216,0
DA:217,0
DA:220,0
DA:221,0
DA:225,0
DA:226,0
DA:227,0
DA:229,0
DA:230,0
DA:236,0
DA:237,0
DA:239,0
DA:240,0
DA:241,0
DA:246,0
DA:276,0
DA:280,0
DA:282,0
DA:283,0
DA:286,0
DA:287,0
DA:290,0
DA:295,0
DA:296,0
DA:297,0
LF:69
LH:0
BRDA:31,0,0,0
BRDA:31,0,1,0
BRDA:32,1,0,0
BRDA:32,1,1,0
BRDA:113,2,0,0
BRDA:113,2,1,0
BRDA:134,3,0,0
BRDA:134,3,1,0
BRDA:150,4,0,0
BRDA:150,4,1,0
BRDA:189,5,0,0
BRDA:189,5,1,0
BRDA:194,6,0,0
BRDA:194,6,1,0
BRDA:229,7,0,0
BRDA:229,7,1,0
BRDA:240,8,0,0
BRDA:240,8,1,0
BRDA:282,9,0,0
BRDA:282,9,1,0
BRDA:286,10,0,0
BRDA:286,10,1,0
BRDA:295,11,0,0
BRDA:295,11,1,0
BRF:24
BRH:0
end_of_record
TN:
SF:cli/nexus.js
FN:34,(anonymous_0)
FN:95,(anonymous_1)
FN:134,(anonymous_2)
FN:173,(anonymous_3)
FN:231,(anonymous_4)
FN:261,(anonymous_5)
FN:272,(anonymous_6)
FN:285,createBasicFiles
FN:369,findMainFile
FN:381,runHealthChecks
FN:425,createLogger
FN:427,(anonymous_11)
FN:428,(anonymous_12)
FN:429,(anonymous_13)
FN:433,(anonymous_14)
FN:446,(anonymous_15)
FN:521,(anonymous_16)
FNF:17
FNH:0
FNDA:0,(anonymous_0)
FNDA:0,(anonymous_1)
FNDA:0,(anonymous_2)
FNDA:0,(anonymous_3)
FNDA:0,(anonymous_4)
FNDA:0,(anonymous_5)
FNDA:0,(anonymous_6)
FNDA:0,createBasicFiles
FNDA:0,findMainFile
FNDA:0,runHealthChecks
FNDA:0,createLogger
FNDA:0,(anonymous_11)
FNDA:0,(anonymous_12)
FNDA:0,(anonymous_13)
FNDA:0,(anonymous_14)
FNDA:0,(anonymous_15)
FNDA:0,(anonymous_16)
DA:19,0
DA:20,0
DA:22,0
DA:24,0
DA:30,0
DA:35,0
DA:37,0
DA:38,0
DA:41,0
DA:42,0
DA:43,0
DA:44,0
DA:48,0
DA:51,0
DA:52,0
DA:53,0
DA:54,0
DA:58,0
DA:74,0
DA:77,0
DA:79,0
DA:80,0
DA:81,0
DA:82,0
DA:83,0
DA:86,0
DA:87,0
DA:92,0
DA:96,0
DA:98,0
DA:99,0
DA:102,0
DA:103,0
DA:104,0
DA:107,0
DA:109,0
DA:110,0
DA:111,0
DA:112,0
DA:116,0
DA:117,0
DA:119,0
DA:121,0
DA:124,0
DA:125,0
DA:130,0
DA:135,0
DA:137,0
DA:138,0
DA:141,0
DA:142,0
DA:143,0
DA:144,0
DA:148,0
DA:149,0
DA:153,0
DA:154,0
DA:155,0
DA:157,0
DA:160,0
DA:161,0
DA:164,0
DA:165,0
DA:170,0
DA:174,0
DA:188,0
DA:189,0
DA:191,0
DA:192,0
DA:194,0
DA:195,0
DA:196,0
DA:198,0
DA:200,0
DA:202,0
DA:203,0
DA:211,0
DA:213,0
DA:215,0
DA:217,0
DA:219,0
DA:222,0
DA:223,0
DA:228,0
DA:232,0
DA:234,0
DA:235,0
DA:238,0
DA:239,0
DA:240,0
DA:241,0
DA:243,0
DA:247,0
DA:250,0
DA:251,0
DA:258,0
DA:262,0
DA:264,0
DA:265,0
DA:267,0
DA:269,0
DA:270,0
DA:272,0
DA:273,0
DA:274,0
DA:278,0
DA:279,0
DA:287,0
DA:314,0
DA:317,0
DA:340,0
DA:343,0
DA:366,0
DA:370,0
DA:372,0
DA:373,0
DA:374,0
DA:378,0
DA:382,0
DA:385,0
DA:386,0
DA:393,0
DA:394,0
DA:400,0
DA:408,0
DA:409,0
DA:415,0
DA:422,0
DA:426,0
DA:427,0
DA:428,0
DA:430,0
DA:431,0
DA:433,0
DA:438,0
DA:447,0
DA:449,0
DA:450,0
DA:451,0
DA:453,0
DA:454,0
DA:455,0
DA:456,0
DA:457,0
DA:460,0
DA:461,0
DA:462,0
DA:463,0
DA:464,0
DA:467,0
DA:468,0
DA:469,0
DA:470,0
DA:473,0
DA:474,0
DA:475,0
DA:476,0
DA:477,0
DA:478,0
DA:479,0
DA:480,0
DA:483,0
DA:484,0
DA:485,0
DA:486,0
DA:487,0
DA:488,0
DA:489,0
DA:490,0
DA:491,0
DA:495,0
DA:496,0
DA:497,0
DA:498,0
DA:499,0
DA:500,0
DA:501,0
DA:503,0
DA:507,0
DA:508,0
DA:513,0
DA:522,0
DA:524,0
DA:525,0
DA:526,0
DA:528,0
DA:529,0
DA:530,0
DA:532,0
DA:533,0
DA:541,0
DA:542,0
DA:547,0
DA:548,0
LF:194
LH:0
BRDA:42,0,0,0
BRDA:42,0,1,0
BRDA:52,1,0,0
BRDA:52,1,1,0
BRDA:102,2,0,0
BRDA:102,2,1,0
BRDA:109,3,0,0
BRDA:109,3,1,0
BRDA:142,4,0,0
BRDA:142,4,1,0
BRDA:192,5,0,0
BRDA:192,5,1,0
BRDA:192,5,2,0
BRDA:192,5,3,0
BRDA:211,6,0,0
BRDA:211,6,1,0
BRDA:238,7,0,0
BRDA:238,7,1,0
BRDA:240,8,0,0
BRDA:240,8,1,0
BRDA:240,9,0,0
BRDA:240,9,1,0
BRDA:273,10,0,0
BRDA:273,10,1,0
BRDA:373,11,0,0
BRDA:373,11,1,0
BRDA:393,12,0,0
BRDA:393,12,1,0
BRDA:408,13,0,0
BRDA:408,13,1,0
BRDA:431,14,0,0
BRDA:431,14,1,0
BRDA:453,15,0,0
BRDA:453,15,1,0
BRDA:460,16,0,0
BRDA:460,16,1,0
BRDA:461,17,0,0
BRDA:461,17,1,0
BRDA:467,18,0,0
BRDA:467,18,1,0
BRDA:473,19,0,0
BRDA:473,19,1,0
BRDA:483,20,0,0
BRDA:483,20,1,0
BRDA:484,21,0,0
BRDA:484,21,1,0
BRDA:485,22,0,0
BRDA:485,22,1,0
BRDA:528,23,0,0
BRDA:528,23,1,0
BRDA:547,24,0,0
BRDA:547,24,1,0
BRF:52
BRH:0
end_of_record
TN:
SF:modules/ai/index.js
FN:9,(anonymous_0)
FN:20,(anonymous_1)
FN:29,(anonymous_2)
FN:47,(anonymous_3)
FN:97,(anonymous_4)
FN:147,(anonymous_5)
FN:198,(anonymous_6)
FN:248,(anonymous_7)
FN:303,(anonymous_8)
FN:358,(anonymous_9)
FNF:10
FNH:0
FNDA:0,(anonymous_0)
FNDA:0,(anonymous_1)
FNDA:0,(anonymous_2)
FNDA:0,(anonymous_3)
FNDA:0,(anonymous_4)
FNDA:0,(anonymous_5)
FNDA:0,(anonymous_6)
FNDA:0,(anonymous_7)
FNDA:0,(anonymous_8)
FNDA:0,(anonymous_9)
DA:10,0
DA:17,0
DA:21,0
DA:22,0
DA:30,0
DA:32,0
DA:38,0
DA:40,0
DA:48,0
DA:65,0
DA:66,0
DA:82,0
DA:87,0
DA:98,0
DA:115,0
DA:116,0
DA:132,0
DA:137,0
DA:148,0
DA:166,0
DA:167,0
DA:183,0
DA:188,0
DA:199,0
DA:201,0
DA:216,0
DA:217,0
DA:233,0
DA:238,0
DA:249,0
DA:271,0
DA:272,0
DA:288,0
DA:293,0
DA:304,0
DA:326,0
DA:327,0
DA:343,0
DA:348,0
DA:359,0
DA:381,0
DA:382,0
DA:398,0
DA:403,0
LF:44
LH:0
BRDA:9,0,0,0
BRDA:21,1,0,0
BRDA:21,1,1,0
BRDA:24,2,0,0
BRDA:24,2,1,0
BRDA:47,3,0,0
BRDA:97,4,0,0
BRDA:147,5,0,0
BRDA:198,6,0,0
BRDA:198,7,0,0
BRDA:199,8,0,0
BRDA:199,8,1,0
BRDA:248,9,0,0
BRDA:309,10,0,0
BRDA:309,10,1,0
BRDA:310,11,0,0
BRDA:310,11,1,0
BRDA:358,12,0,0
BRF:18
BRH:0
end_of_record
TN:
SF:modules/api/index.js
FN:15,(anonymous_0)
FN:43,(anonymous_1)
FN:70,(anonymous_2)
FN:93,(anonymous_3)
FN:113,(anonymous_4)
FN:130,(anonymous_5)
FN:145,(anonymous_6)
FN:180,(anonymous_7)
FN:205,(anonymous_8)
FN:207,(anonymous_9)
FN:216,(anonymous_10)
FN:230,(anonymous_11)
FN:255,(anonymous_12)
FN:272,(anonymous_13)
FN:289,(anonymous_14)
FN:311,(anonymous_15)
FN:329,(anonymous_16)
FN:344,(anonymous_17)
FN:369,(anonymous_18)
FN:394,(anonymous_19)
FN:410,(anonymous_20)
FN:426,(anonymous_21)
FN:431,(anonymous_22)
FN:432,(anonymous_23)
FN:441,(anonymous_24)
FN:443,(anonymous_25)
FN:444,(anonymous_26)
FN:456,initializeApi
FN:464,getApi
FNF:29
FNH:0
FNDA:0,(anonymous_0)
FNDA:0,(anonymous_1)
FNDA:0,(anonymous_2)
FNDA:0,(anonymous_3)
FNDA:0,(anonymous_4)
FNDA:0,(anonymous_5)
FNDA:0,(anonymous_6)
FNDA:0,(anonymous_7)
FNDA:0,(anonymous_8)
FNDA:0,(anonymous_9)
FNDA:0,(anonymous_10)
FNDA:0,(anonymous_11)
FNDA:0,(anonymous_12)
FNDA:0,(anonymous_13)
FNDA:0,(anonymous_14)
FNDA:0,(anonymous_15)
FNDA:0,(anonymous_16)
FNDA:0,(anonymous_17)
FNDA:0,(anonymous_18)
FNDA:0,(anonymous_19)
FNDA:0,(anonymous_20)
FNDA:0,(anonymous_21)
FNDA:0,(anonymous_22)
FNDA:0,(anonymous_23)
FNDA:0,(anonymous_24)
FNDA:0,(anonymous_25)
FNDA:0,(anonymous_26)
FNDA:0,initializeApi
FNDA:0,getApi
DA:16,0
DA:37,0
DA:38,0
DA:39,0
DA:40,0
DA:44,0
DA:45,0
DA:48,0
DA:49,0
DA:52,0
DA:55,0
DA:58,0
DA:60,0
DA:61,0
DA:63,0
DA:65,0
DA:66,0
DA:72,0
DA:75,0
DA:78,0
DA:81,0
DA:82,0
DA:85,0
DA:86,0
DA:89,0
DA:90,0
DA:95,0
DA:98,0
DA:101,0
DA:104,0
DA:107,0
DA:110,0
DA:114,0
DA:117,0
DA:118,0
DA:119,0
DA:120,0
DA:121,0
DA:124,0
DA:125,0
DA:127,0
DA:131,0
DA:134,0
DA:136,0
DA:137,0
DA:138,0
DA:139,0
DA:140,0
DA:142,0
DA:146,0
DA:149,0
DA:150,0
DA:153,0
DA:154,0
DA:155,0
DA:156,0
DA:157,0
DA:158,0
DA:161,0
DA:162,0
DA:163,0
DA:164,0
DA:167,0
DA:168,0
DA:171,0
DA:172,0
DA:175,0
DA:177,0
DA:181,0
DA:184,0
DA:187,0
DA:188,0
DA:191,0
DA:196,0
DA:202,0
DA:207,0
DA:208,0
DA:216,0
DA:217,0
DA:219,0
DA:221,0
DA:231,0
DA:232,0
DA:233,0
DA:235,0
DA:247,0
DA:256,0
DA:273,0
DA:274,0
DA:280,0
DA:282,0
DA:290,0
DA:291,0
DA:293,0
DA:302,0
DA:304,0
DA:312,0
DA:313,0
DA:315,0
DA:320,0
DA:322,0
DA:330,0
DA:331,0
DA:333,0
DA:335,0
DA:337,0
DA:345,0
DA:346,0
DA:350,0
DA:351,0
DA:357,0
DA:362,0
DA:370,0
DA:371,0
DA:373,0
DA:374,0
DA:375,0
DA:381,0
DA:382,0
DA:384,0
DA:392,0
DA:394,0
DA:403,0
DA:411,0
DA:412,0
DA:414,0
DA:419,0
DA:427,0
DA:428,0
DA:431,0
DA:432,0
DA:433,0
DA:434,0
DA:435,0
DA:436,0
DA:442,0
DA:443,0
DA:444,0
DA:445,0
DA:446,0
DA:454,0
DA:457,0
DA:458,0
DA:459,0
DA:461,0
DA:465,0
DA:466,0
DA:468,0
LF:148
LH:0
BRDA:15,0,0,0
BRDA:17,1,0,0
BRDA:17,1,1,0
BRDA:17,1,2,0
BRDA:19,2,0,0
BRDA:19,2,1,0
BRDA:19,2,2,0
BRDA:24,3,0,0
BRDA:24,3,1,0
BRDA:25,4,0,0
BRDA:25,4,1,0
BRDA:221,5,0,0
BRDA:221,5,1,0
BRDA:223,6,0,0
BRDA:223,6,1,0
BRDA:224,7,0,0
BRDA:224,7,1,0
BRDA:244,8,0,0
BRDA:244,8,1,0
BRDA:350,9,0,0
BRDA:350,9,1,0
BRDA:371,10,0,0
BRDA:371,11,0,0
BRDA:374,12,0,0
BRDA:374,12,1,0
BRDA:381,13,0,0
BRDA:381,13,1,0
BRDA:382,14,0,0
BRDA:382,14,1,0
BRDA:427,15,0,0
BRDA:427,15,1,0
BRDA:442,16,0,0
BRDA:442,16,1,0
BRDA:456,17,0,0
BRDA:457,18,0,0
BRDA:457,18,1,0
BRDA:465,19,0,0
BRDA:465,19,1,0
BRF:38
BRH:0
end_of_record
TN:
SF:modules/auth/AuthMiddleware.js
FN:10,(anonymous_0)
FN:15,(anonymous_1)
FN:21,(anonymous_2)
FN:22,(anonymous_3)
FN:64,(anonymous_4)
FN:65,(anonymous_5)
FN:140,(anonymous_6)
FN:143,(anonymous_7)
FN:181,(anonymous_8)
FN:182,(anonymous_9)
FN:249,(anonymous_10)
FN:258,(anonymous_11)
FN:270,(anonymous_12)
FN:289,(anonymous_13)
FN:290,(anonymous_14)
FN:315,(anonymous_15)
FN:316,(anonymous_16)
FN:321,(anonymous_17)
FN:340,(anonymous_18)
FN:362,(anonymous_19)
FN:373,(anonymous_20)
FN:385,getAuthMiddleware
FN:394,(anonymous_22)
FN:394,(anonymous_23)
FN:395,(anonymous_24)
FN:395,(anonymous_25)
FN:396,(anonymous_26)
FN:396,(anonymous_27)
FN:397,(anonymous_28)
FN:397,(anonymous_29)
FN:398,(anonymous_30)
FN:398,(anonymous_31)
FN:399,(anonymous_32)
FN:399,(anonymous_33)
FN:400,(anonymous_34)
FN:400,(anonymous_35)
FNF:36
FNH:0
FNDA:0,(anonymous_0)
FNDA:0,(anonymous_1)
FNDA:0,(anonymous_2)
FNDA:0,(anonymous_3)
FNDA:0,(anonymous_4)
FNDA:0,(anonymous_5)
FNDA:0,(anonymous_6)
FNDA:0,(anonymous_7)
FNDA:0,(anonymous_8)
FNDA:0,(anonymous_9)
FNDA:0,(anonymous_10)
FNDA:0,(anonymous_11)
FNDA:0,(anonymous_12)
FNDA:0,(anonymous_13)
FNDA:0,(anonymous_14)
FNDA:0,(anonymous_15)
FNDA:0,(anonymous_16)
FNDA:0,(anonymous_17)
FNDA:0,(anonymous_18)
FNDA:0,(anonymous_19)
FNDA:0,(anonymous_20)
FNDA:0,getAuthMiddleware
FNDA:0,(anonymous_22)
FNDA:0,(anonymous_23)
FNDA:0,(anonymous_24)
FNDA:0,(anonymous_25)
FNDA:0,(anonymous_26)
FNDA:0,(anonymous_27)
FNDA:0,(anonymous_28)
FNDA:0,(anonymous_29)
FNDA:0,(anonymous_30)
FNDA:0,(anonymous_31)
FNDA:0,(anonymous_32)
FNDA:0,(anonymous_33)
FNDA:0,(anonymous_34)
FNDA:0,(anonymous_35)
DA:11,0
DA:12,0
DA:16,0
DA:17,0
DA:22,0
DA:23,0
DA:24,0
DA:26,0
DA:28,0
DA:29,0
DA:36,0
DA:38,0
DA:39,0
DA:47,0
DA:48,0
DA:50,0
DA:53,0
DA:54,0
DA:65,0
DA:66,0
DA:67,0
DA:68,0
DA:76,0
DA:90,0
DA:91,0
DA:99,0
DA:101,0
DA:103,0
DA:116,0
DA:125,0
DA:126,0
DA:129,0
DA:130,0
DA:141,0
DA:143,0
DA:144,0
DA:145,0
DA:146,0
DA:153,0
DA:157,0
DA:158,0
DA:167,0
DA:170,0
DA:171,0
DA:182,0
DA:183,0
DA:184,0
DA:185,0
DA:192,0
DA:194,0
DA:195,0
DA:203,0
DA:204,0
DA:212,0
DA:213,0
DA:214,0
DA:216,0
DA:217,0
DA:224,0
DA:225,0
DA:232,0
DA:235,0
DA:238,0
DA:239,0
DA:254,0
DA:256,0
DA:258,0
DA:259,0
DA:260,0
DA:261,0
DA:263,0
DA:264,0
DA:267,0
DA:270,0
DA:272,0
DA:273,0
DA:281,0
DA:282,0
DA:284,0
DA:290,0
DA:291,0
DA:292,0
DA:294,0
DA:296,0
DA:297,0
DA:299,0
DA:300,0
DA:301,0
DA:305,0
DA:309,0
DA:316,0
DA:317,0
DA:319,0
DA:321,0
DA:323,0
DA:324,0
DA:340,0
DA:341,0
DA:342,0
DA:344,0
DA:349,0
DA:352,0
DA:355,0
DA:356,0
DA:363,0
DA:365,0
DA:366,0
DA:370,0
DA:374,0
DA:383,0
DA:386,0
DA:387,0
DA:388,0
DA:390,0
DA:394,0
DA:395,0
DA:396,0
DA:397,0
DA:398,0
DA:399,0
DA:400,0
LF:121
LH:0
BRDA:24,0,0,0
BRDA:24,0,1,0
BRDA:28,1,0,0
BRDA:28,1,1,0
BRDA:38,2,0,0
BRDA:38,2,1,0
BRDA:64,3,0,0
BRDA:67,4,0,0
BRDA:67,4,1,0
BRDA:90,5,0,0
BRDA:90,5,1,0
BRDA:101,6,0,0
BRDA:101,6,1,0
BRDA:141,7,0,0
BRDA:141,7,1,0
BRDA:145,8,0,0
BRDA:145,8,1,0
BRDA:157,9,0,0
BRDA:157,9,1,0
BRDA:157,10,0,0
BRDA:157,10,1,0
BRDA:157,10,2,0
BRDA:181,11,0,0
BRDA:181,12,0,0
BRDA:184,13,0,0
BRDA:184,13,1,0
BRDA:194,14,0,0
BRDA:194,14,1,0
BRDA:203,15,0,0
BRDA:203,15,1,0
BRDA:203,16,0,0
BRDA:203,16,1,0
BRDA:213,17,0,0
BRDA:213,17,1,0
BRDA:216,18,0,0
BRDA:216,18,1,0
BRDA:224,19,0,0
BRDA:224,19,1,0
BRDA:224,20,0,0
BRDA:224,20,1,0
BRDA:249,21,0,0
BRDA:251,22,0,0
BRDA:252,23,0,0
BRDA:253,24,0,0
BRDA:259,25,0,0
BRDA:259,25,1,0
BRDA:263,26,0,0
BRDA:263,26,1,0
BRDA:272,27,0,0
BRDA:272,27,1,0
BRDA:292,28,0,0
BRDA:292,28,1,0
BRDA:296,29,0,0
BRDA:296,29,1,0
BRDA:299,30,0,0
BRDA:299,30,1,0
BRDA:315,31,0,0
BRDA:323,32,0,0
BRDA:323,32,1,0
BRDA:332,33,0,0
BRDA:332,33,1,0
BRDA:335,34,0,0
BRDA:335,34,1,0
BRDA:365,35,0,0
BRDA:365,35,1,0
BRDA:365,36,0,0
BRDA:365,36,1,0
BRDA:370,37,0,0
BRDA:370,37,1,0
BRDA:374,38,0,0
BRDA:374,38,1,0
BRDA:374,38,2,0
BRDA:374,38,3,0
BRDA:374,38,4,0
BRDA:377,39,0,0
BRDA:377,39,1,0
BRDA:386,40,0,0
BRDA:386,40,1,0
BRDA:394,41,0,0
BRDA:394,41,1,0
BRDA:395,42,0,0
BRDA:395,42,1,0
BRDA:396,43,0,0
BRDA:396,43,1,0
BRDA:397,44,0,0
BRDA:397,44,1,0
BRDA:398,45,0,0
BRDA:398,45,1,0
BRDA:399,46,0,0
BRDA:399,46,1,0
BRDA:400,47,0,0
BRDA:400,47,1,0
BRF:92
BRH:0
end_of_record
TN:
SF:modules/auth/AuthService.js
FN:12,(anonymous_0)
FN:30,(anonymous_1)
FN:36,(anonymous_2)
FN:99,(anonymous_3)
FN:168,(anonymous_4)
FN:206,(anonymous_5)
FN:243,(anonymous_6)
FN:274,(anonymous_7)
FN:324,(anonymous_8)
FN:355,(anonymous_9)
FN:372,(anonymous_10)
FN:417,(anonymous_11)
FN:468,(anonymous_12)
FN:486,initializeAuth
FN:494,getAuth
FNF:15
FNH:0
FNDA:0,(anonymous_0)
FNDA:0,(anonymous_1)
FNDA:0,(anonymous_2)
FNDA:0,(anonymous_3)
FNDA:0,(anonymous_4)
FNDA:0,(anonymous_5)
FNDA:0,(anonymous_6)
FNDA:0,(anonymous_7)
FNDA:0,(anonymous_8)
FNDA:0,(anonymous_9)
FNDA:0,(anonymous_10)
FNDA:0,(anonymous_11)
FNDA:0,(anonymous_12)
FNDA:0,initializeAuth
FNDA:0,getAuth
DA:13,0
DA:27,0
DA:31,0
DA:32,0
DA:37,0
DA:38,0
DA:41,0
DA:42,0
DA:46,0
DA:47,0
DA:48,0
DA:52,0
DA:55,0
DA:56,0
DA:57,0
DA:61,0
DA:72,0
DA:86,0
DA:93,0
DA:94,0
DA:100,0
DA:101,0
DA:104,0
DA:109,0
DA:110,0
DA:111,0
DA:115,0
DA:116,0
DA:117,0
DA:121,0
DA:123,0
DA:124,0
DA:125,0
DA:127,0
DA:128,0
DA:132,0
DA:135,0
DA:138,0
DA:141,0
DA:154,0
DA:162,0
DA:163,0
DA:169,0
DA:170,0
DA:173,0
DA:174,0
DA:176,0
DA:178,0
DA:181,0
DA:194,0
DA:200,0
DA:201,0
DA:207,0
DA:209,0
DA:211,0
DA:220,0
DA:221,0
DA:225,0
DA:228,0
DA:230,0
DA:237,0
DA:238,0
DA:244,0
DA:245,0
DA:247,0
DA:255,0
DA:256,0
DA:259,0
DA:266,0
DA:276,0
DA:283,0
DA:291,0
DA:298,0
DA:303,0
DA:310,0
DA:315,0
DA:325,0
DA:327,0
DA:328,0
DA:331,0
DA:332,0
DA:335,0
DA:336,0
DA:339,0
DA:340,0
DA:343,0
DA:344,0
DA:347,0
DA:348,0
DA:351,0
DA:356,0
DA:373,0
DA:374,0
DA:376,0
DA:378,0
DA:385,0
DA:386,0
DA:388,0
DA:394,0
DA:404,0
DA:411,0
DA:412,0
DA:418,0
DA:419,0
DA:421,0
DA:428,0
DA:429,0
DA:433,0
DA:442,0
DA:448,0
DA:456,0
DA:462,0
DA:463,0
DA:469,0
DA:476,0
DA:477,0
DA:479,0
DA:484,0
DA:487,0
DA:488,0
DA:489,0
DA:491,0
DA:495,0
DA:496,0
DA:498,0
LF:125
LH:0
BRDA:12,0,0,0
BRDA:14,1,0,0
BRDA:14,1,1,0
BRDA:14,1,2,0
BRDA:15,2,0,0
BRDA:15,2,1,0
BRDA:16,3,0,0
BRDA:16,3,1,0
BRDA:17,4,0,0
BRDA:17,4,1,0
BRDA:18,5,0,0
BRDA:18,5,1,0
BRDA:19,6,0,0
BRDA:19,6,1,0
BRDA:20,7,0,0
BRDA:20,7,1,0
BRDA:21,8,0,0
BRDA:21,8,1,0
BRDA:22,9,0,0
BRDA:22,9,1,0
BRDA:23,10,0,0
BRDA:23,10,1,0
BRDA:38,11,0,0
BRDA:41,12,0,0
BRDA:41,12,1,0
BRDA:41,13,0,0
BRDA:41,13,1,0
BRDA:41,13,2,0
BRDA:47,14,0,0
BRDA:47,14,1,0
BRDA:56,15,0,0
BRDA:56,15,1,0
BRDA:99,16,0,0
BRDA:109,17,0,0
BRDA:109,17,1,0
BRDA:115,18,0,0
BRDA:115,18,1,0
BRDA:123,19,0,0
BRDA:123,19,1,0
BRDA:168,20,0,0
BRDA:176,21,0,0
BRDA:176,21,1,0
BRDA:220,22,0,0
BRDA:220,22,1,0
BRDA:220,23,0,0
BRDA:220,23,1,0
BRDA:255,24,0,0
BRDA:255,24,1,0
BRDA:255,25,0,0
BRDA:255,25,1,0
BRDA:274,26,0,0
BRDA:287,27,0,0
BRDA:287,27,1,0
BRDA:327,28,0,0
BRDA:327,28,1,0
BRDA:331,29,0,0
BRDA:331,29,1,0
BRDA:331,30,0,0
BRDA:331,30,1,0
BRDA:335,31,0,0
BRDA:335,31,1,0
BRDA:335,32,0,0
BRDA:335,32,1,0
BRDA:339,33,0,0
BRDA:339,33,1,0
BRDA:339,34,0,0
BRDA:339,34,1,0
BRDA:343,35,0,0
BRDA:343,35,1,0
BRDA:343,36,0,0
BRDA:343,36,1,0
BRDA:347,37,0,0
BRDA:347,37,1,0
BRDA:355,38,0,0
BRDA:376,39,0,0
BRDA:376,39,1,0
BRDA:428,40,0,0
BRDA:428,40,1,0
BRDA:477,41,0,0
BRDA:477,41,1,0
BRDA:486,42,0,0
BRDA:487,43,0,0
BRDA:487,43,1,0
BRDA:495,44,0,0
BRDA:495,44,1,0
BRF:85
BRH:0
end_of_record
TN:
SF:modules/auth/index.js
FN:10,(anonymous_0)
FN:17,(anonymous_1)
FN:38,(anonymous_2)
FN:42,(anonymous_3)
FN:46,(anonymous_4)
FN:50,(anonymous_5)
FN:54,(anonymous_6)
FN:58,(anonymous_7)
FN:62,(anonymous_8)
FN:67,(anonymous_9)
FN:71,(anonymous_10)
FN:75,(anonymous_11)
FN:79,(anonymous_12)
FN:83,(anonymous_13)
FN:87,(anonymous_14)
FN:91,(anonymous_15)
FN:96,(anonymous_16)
FN:109,initializeAuthModule
FN:117,getAuthModule
FNF:19
FNH:0
FNDA:0,(anonymous_0)
FNDA:0,(anonymous_1)
FNDA:0,(anonymous_2)
FNDA:0,(anonymous_3)
FNDA:0,(anonymous_4)
FNDA:0,(anonymous_5)
FNDA:0,(anonymous_6)
FNDA:0,(anonymous_7)
FNDA:0,(anonymous_8)
FNDA:0,(anonymous_9)
FNDA:0,(anonymous_10)
FNDA:0,(anonymous_11)
FNDA:0,(anonymous_12)
FNDA:0,(anonymous_13)
FNDA:0,(anonymous_14)
FNDA:0,(anonymous_15)
FNDA:0,(anonymous_16)
FNDA:0,initializeAuthModule
FNDA:0,getAuthModule
DA:11,0
DA:12,0
DA:13,0
DA:14,0
DA:18,0
DA:19,0
DA:22,0
DA:25,0
DA:27,0
DA:28,0
DA:30,0
DA:32,0
DA:33,0
DA:39,0
DA:43,0
DA:47,0
DA:51,0
DA:55,0
DA:59,0
DA:63,0
DA:68,0
DA:72,0
DA:76,0
DA:80,0
DA:84,0
DA:88,0
DA:92,0
DA:97,0
DA:107,0
DA:110,0
DA:111,0
DA:112,0
DA:114,0
DA:118,0
DA:119,0
DA:121,0
LF:36
LH:0
BRDA:10,0,0,0
BRDA:42,1,0,0
BRDA:46,2,0,0
BRDA:71,3,0,0
BRDA:87,4,0,0
BRDA:99,5,0,0
BRDA:99,5,1,0
BRDA:100,6,0,0
BRDA:100,6,1,0
BRDA:109,7,0,0
BRDA:110,8,0,0
BRDA:110,8,1,0
BRDA:118,9,0,0
BRDA:118,9,1,0
BRF:14
BRH:0
end_of_record
TN:
SF:modules/database/BaseModel.js
FN:9,(anonymous_0)
FN:74,(anonymous_1)
FN:85,(anonymous_2)
FN:96,(anonymous_3)
FN:103,(anonymous_4)
FN:110,(anonymous_5)
FN:123,(anonymous_6)
FN:131,(anonymous_7)
FN:141,(anonymous_8)
FN:149,(anonymous_9)
FN:168,(anonymous_10)
FN:169,(anonymous_11)
FN:179,(anonymous_12)
FN:215,(anonymous_13)
FN:222,(anonymous_14)
FN:238,(anonymous_15)
FNF:16
FNH:0
FNDA:0,(anonymous_0)
FNDA:0,(anonymous_1)
FNDA:0,(anonymous_2)
FNDA:0,(anonymous_3)
FNDA:0,(anonymous_4)
FNDA:0,(anonymous_5)
FNDA:0,(anonymous_6)
FNDA:0,(anonymous_7)
FNDA:0,(anonymous_8)
FNDA:0,(anonymous_9)
FNDA:0,(anonymous_10)
FNDA:0,(anonymous_11)
FNDA:0,(anonymous_12)
FNDA:0,(anonymous_13)
FNDA:0,(anonymous_14)
FNDA:0,(anonymous_15)
DA:11,0
DA:61,0
DA:67,0
DA:75,0
DA:81,0
DA:86,0
DA:89,0
DA:90,0
DA:92,0
DA:97,0
DA:98,0
DA:99,0
DA:104,0
DA:105,0
DA:106,0
DA:111,0
DA:124,0
DA:125,0
DA:126,0
DA:128,0
DA:132,0
DA:142,0
DA:150,0
DA:161,0
DA:162,0
DA:165,0
DA:169,0
DA:175,0
DA:187,0
DA:189,0
DA:191,0
DA:201,0
DA:216,0
DA:217,0
DA:220,0
DA:222,0
DA:228,0
DA:239,0
DA:241,0
DA:242,0
DA:245,0
DA:249,0
DA:250,0
DA:252,0
DA:258,0
DA:259,0
DA:261,0
DA:267,0
LF:48
LH:0
BRDA:9,0,0,0
BRDA:96,1,0,0
BRDA:103,2,0,0
BRDA:125,3,0,0
BRDA:125,3,1,0
BRDA:131,4,0,0
BRDA:161,5,0,0
BRDA:161,5,1,0
BRDA:179,6,0,0
BRDA:181,7,0,0
BRDA:182,8,0,0
BRDA:183,9,0,0
BRDA:184,10,0,0
BRDA:185,11,0,0
BRDA:215,12,0,0
BRDA:215,13,0,0
BRDA:216,14,0,0
BRDA:216,14,1,0
BRDA:216,15,0,0
BRDA:216,15,1,0
BRDA:273,16,0,0
BRDA:273,16,1,0
BRF:22
BRH:0
end_of_record
TN:
SF:modules/database/config.js
FN:11,(anonymous_0)
FN:76,(anonymous_1)
FN:106,(anonymous_2)
FN:119,(anonymous_3)
FN:123,(anonymous_4)
FN:136,(anonymous_5)
FN:157,(anonymous_6)
FN:182,(anonymous_7)
FN:207,(anonymous_8)
FN:242,(anonymous_9)
FN:246,(anonymous_10)
FN:250,(anonymous_11)
FNF:12
FNH:0
FNDA:0,(anonymous_0)
FNDA:0,(anonymous_1)
FNDA:0,(anonymous_2)
FNDA:0,(anonymous_3)
FNDA:0,(anonymous_4)
FNDA:0,(anonymous_5)
FNDA:0,(anonymous_6)
FNDA:0,(anonymous_7)
FNDA:0,(anonymous_8)
FNDA:0,(anonymous_9)
FNDA:0,(anonymous_10)
FNDA:0,(anonymous_11)
DA:12,0
DA:65,0
DA:71,0
DA:72,0
DA:77,0
DA:78,0
DA:80,0
DA:95,0
DA:96,0
DA:98,0
DA:100,0
DA:101,0
DA:107,0
DA:108,0
DA:110,0
DA:119,0
DA:120,0
DA:123,0
DA:124,0
DA:127,0
DA:128,0
DA:130,0
DA:131,0
DA:137,0
DA:138,0
DA:140,0
DA:141,0
DA:146,0
DA:147,0
DA:149,0
DA:151,0
DA:152,0
DA:158,0
DA:159,0
DA:160,0
DA:163,0
DA:164,0
DA:167,0
DA:168,0
DA:170,0
DA:176,0
DA:177,0
DA:183,0
DA:184,0
DA:185,0
DA:186,0
DA:189,0
DA:190,0
DA:191,0
DA:194,0
DA:195,0
DA:196,0
DA:199,0
DA:200,0
DA:202,0
DA:208,0
DA:215,0
DA:217,0
DA:218,0
DA:219,0
DA:223,0
DA:224,0
DA:225,0
DA:229,0
DA:230,0
DA:231,0
DA:234,0
DA:236,0
DA:237,0
DA:243,0
DA:247,0
DA:251,0
LF:72
LH:0
BRDA:11,0,0,0
BRDA:15,1,0,0
BRDA:15,1,1,0
BRDA:16,2,0,0
BRDA:16,2,1,0
BRDA:17,3,0,0
BRDA:17,3,1,0
BRDA:18,4,0,0
BRDA:18,4,1,0
BRDA:19,5,0,0
BRDA:19,5,1,0
BRDA:21,6,0,0
BRDA:21,6,1,0
BRDA:38,7,0,0
BRDA:38,7,1,0
BRDA:39,8,0,0
BRDA:39,8,1,0
BRDA:40,9,0,0
BRDA:40,9,1,0
BRDA:41,10,0,0
BRDA:41,10,1,0
BRDA:49,11,0,0
BRDA:49,11,1,0
BRDA:60,12,0,0
BRDA:60,12,1,0
BRDA:115,13,0,0
BRDA:115,13,1,0
BRDA:163,14,0,0
BRDA:163,14,1,0
BRDA:184,15,0,0
BRDA:184,15,1,0
BRDA:189,16,0,0
BRDA:189,16,1,0
BRDA:194,17,0,0
BRDA:194,17,1,0
BRDA:217,18,0,0
BRDA:217,18,1,0
BRDA:223,19,0,0
BRDA:223,19,1,0
BRDA:223,20,0,0
BRDA:223,20,1,0
BRDA:229,21,0,0
BRDA:229,21,1,0
BRF:43
BRH:0
end_of_record
TN:
SF:modules/database/index.js
FN:18,(anonymous_0)
FN:25,(anonymous_1)
FN:40,(anonymous_2)
FN:60,(anonymous_3)
FN:71,(anonymous_4)
FN:83,(anonymous_5)
FN:97,(anonymous_6)
FN:98,(anonymous_7)
FN:99,(anonymous_8)
FN:100,(anonymous_9)
FN:101,(anonymous_10)
FN:102,(anonymous_11)
FN:107,initializeDatabase
FN:115,getDatabase
FNF:14
FNH:0
FNDA:0,(anonymous_0)
FNDA:0,(anonymous_1)
FNDA:0,(anonymous_2)
FNDA:0,(anonymous_3)
FNDA:0,(anonymous_4)
FNDA:0,(anonymous_5)
FNDA:0,(anonymous_6)
FNDA:0,(anonymous_7)
FNDA:0,(anonymous_8)
FNDA:0,(anonymous_9)
FNDA:0,(anonymous_10)
FNDA:0,(anonymous_11)
FNDA:0,initializeDatabase
FNDA:0,getDatabase
DA:19,0
DA:20,0
DA:21,0
DA:22,0
DA:26,0
DA:27,0
DA:28,0
DA:29,0
DA:30,0
DA:31,0
DA:32,0
DA:33,0
DA:35,0
DA:36,0
DA:41,0
DA:42,0
DA:43,0
DA:44,0
DA:45,0
DA:46,0
DA:47,0
DA:49,0
DA:57,0
DA:61,0
DA:62,0
DA:63,0
DA:64,0
DA:65,0
DA:66,0
DA:67,0
DA:68,0
DA:72,0
DA:73,0
DA:74,0
DA:75,0
DA:76,0
DA:78,0
DA:79,0
DA:84,0
DA:85,0
DA:86,0
DA:87,0
DA:88,0
DA:89,0
DA:90,0
DA:92,0
DA:97,0
DA:98,0
DA:99,0
DA:100,0
DA:101,0
DA:102,0
DA:105,0
DA:108,0
DA:109,0
DA:110,0
DA:112,0
DA:116,0
DA:117,0
DA:119,0
LF:60
LH:0
BRDA:18,0,0,0
BRDA:62,1,0,0
BRDA:62,1,1,0
BRDA:63,2,0,0
BRDA:63,2,1,0
BRDA:64,3,0,0
BRDA:64,3,1,0
BRDA:65,4,0,0
BRDA:65,4,1,0
BRDA:66,5,0,0
BRDA:66,5,1,0
BRDA:67,6,0,0
BRDA:67,6,1,0
BRDA:71,7,0,0
BRDA:107,8,0,0
BRDA:108,9,0,0
BRDA:108,9,1,0
BRDA:116,10,0,0
BRDA:116,10,1,0
BRF:19
BRH:0
end_of_record
TN:
SF:modules/database/models/ActivityLog.js
FN:10,(anonymous_0)
FN:137,(anonymous_1)
FN:143,(anonymous_2)
FN:152,(anonymous_3)
FN:165,(anonymous_4)
FN:175,(anonymous_5)
FN:182,(anonymous_6)
FN:190,(anonymous_7)
FN:234,(anonymous_8)
FN:244,(anonymous_9)
FN:254,(anonymous_10)
FN:266,(anonymous_11)
FN:282,(anonymous_12)
FN:323,(anonymous_13)
FN:352,(anonymous_14)
FN:420,(anonymous_15)
FN:424,(anonymous_16)
FN:428,(anonymous_17)
FN:432,(anonymous_18)
FN:439,(anonymous_19)
FN:456,(anonymous_20)
FNF:21
FNH:0
FNDA:0,(anonymous_0)
FNDA:0,(anonymous_1)
FNDA:0,(anonymous_2)
FNDA:0,(anonymous_3)
FNDA:0,(anonymous_4)
FNDA:0,(anonymous_5)
FNDA:0,(anonymous_6)
FNDA:0,(anonymous_7)
FNDA:0,(anonymous_8)
FNDA:0,(anonymous_9)
FNDA:0,(anonymous_10)
FNDA:0,(anonymous_11)
FNDA:0,(anonymous_12)
FNDA:0,(anonymous_13)
FNDA:0,(anonymous_14)
FNDA:0,(anonymous_15)
FNDA:0,(anonymous_16)
FNDA:0,(anonymous_17)
FNDA:0,(anonymous_18)
FNDA:0,(anonymous_19)
FNDA:0,(anonymous_20)
DA:11,0
DA:133,0
DA:138,0
DA:139,0
DA:140,0
DA:144,0
DA:149,0
DA:153,0
DA:166,0
DA:168,0
DA:176,0
DA:178,0
DA:179,0
DA:180,0
DA:182,0
DA:183,0
DA:184,0
DA:185,0
DA:210,0
DA:212,0
DA:235,0
DA:245,0
DA:255,0
DA:267,0
DA:293,0
DA:295,0
DA:296,0
DA:298,0
DA:299,0
DA:300,0
DA:301,0
DA:302,0
DA:304,0
DA:305,0
DA:306,0
DA:307,0
DA:310,0
DA:324,0
DA:326,0
DA:333,0
DA:335,0
DA:353,0
DA:355,0
DA:361,0
DA:362,0
DA:366,0
DA:369,0
DA:372,0
DA:383,0
DA:394,0
DA:407,0
DA:418,0
DA:421,0
DA:422,0
DA:425,0
DA:426,0
DA:428,0
DA:432,0
DA:440,0
DA:442,0
DA:444,0
DA:452,0
DA:457,0
DA:462,0
DA:467,0
DA:472,0
LF:66
LH:0
BRDA:139,0,0,0
BRDA:139,0,1,0
BRDA:140,1,0,0
BRDA:140,1,1,0
BRDA:140,2,0,0
BRDA:140,2,1,0
BRDA:149,3,0,0
BRDA:149,3,1,0
BRDA:158,4,0,0
BRDA:158,4,1,0
BRDA:166,5,0,0
BRDA:166,5,1,0
BRDA:166,6,0,0
BRDA:166,6,1,0
BRDA:176,7,0,0
BRDA:176,7,1,0
BRDA:176,8,0,0
BRDA:176,8,1,0
BRDA:198,9,0,0
BRDA:199,10,0,0
BRDA:206,11,0,0
BRDA:207,12,0,0
BRDA:234,13,0,0
BRDA:244,14,0,0
BRDA:254,15,0,0
BRDA:261,16,0,0
BRDA:261,16,1,0
BRDA:266,17,0,0
BRDA:282,18,0,0
BRDA:291,19,0,0
BRDA:292,20,0,0
BRDA:298,21,0,0
BRDA:298,21,1,0
BRDA:299,22,0,0
BRDA:299,22,1,0
BRDA:300,23,0,0
BRDA:300,23,1,0
BRDA:301,24,0,0
BRDA:301,24,1,0
BRDA:302,25,0,0
BRDA:302,25,1,0
BRDA:304,26,0,0
BRDA:304,26,1,0
BRDA:304,27,0,0
BRDA:304,27,1,0
BRDA:306,28,0,0
BRDA:306,28,1,0
BRDA:307,29,0,0
BRDA:307,29,1,0
BRDA:323,30,0,0
BRDA:333,31,0,0
BRDA:333,31,1,0
BRDA:352,32,0,0
BRDA:352,33,0,0
BRDA:361,34,0,0
BRDA:361,34,1,0
BRDA:366,35,0,0
BRDA:366,35,1,0
BRDA:439,36,0,0
BRF:59
BRH:0
end_of_record
TN:
SF:modules/database/models/Permission.js
FN:10,(anonymous_0)
FN:101,(anonymous_1)
FN:120,(anonymous_2)
FN:151,(anonymous_3)
FN:161,(anonymous_4)
FN:172,(anonymous_5)
FN:193,(anonymous_6)
FN:210,(anonymous_7)
FNF:8
FNH:0
FNDA:0,(anonymous_0)
FNDA:0,(anonymous_1)
FNDA:0,(anonymous_2)
FNDA:0,(anonymous_3)
FNDA:0,(anonymous_4)
FNDA:0,(anonymous_5)
FNDA:0,(anonymous_6)
FNDA:0,(anonymous_7)
DA:11,0
DA:103,0
DA:111,0
DA:121,0
DA:141,0
DA:142,0
DA:148,0
DA:152,0
DA:162,0
DA:173,0
DA:176,0
DA:178,0
DA:179,0
DA:180,0
DA:186,0
DA:187,0
DA:190,0
DA:194,0
DA:196,0
DA:198,0
DA:200,0
DA:201,0
DA:202,0
DA:203,0
DA:205,0
DA:211,0
LF:26
LH:0
BRDA:172,0,0,0
BRDA:173,1,0,0
BRDA:173,1,1,0
BRDA:176,2,0,0
BRDA:176,2,1,0
BRDA:176,3,0,0
BRDA:176,3,1,0
BRDA:179,4,0,0
BRDA:179,4,1,0
BRDA:186,5,0,0
BRDA:186,5,1,0
BRDA:186,6,0,0
BRDA:186,6,1,0
BRDA:186,6,2,0
BRDA:194,7,0,0
BRDA:194,7,1,0
BRDA:194,7,2,0
BRDA:194,7,3,0
BRDA:203,8,0,0
BRDA:203,8,1,0
BRF:20
BRH:0
end_of_record
TN:
SF:modules/database/models/Role.js
FN:10,(anonymous_0)
FN:127,(anonymous_1)
FN:155,(anonymous_2)
FN:224,(anonymous_3)
FN:230,(anonymous_4)
FN:240,(anonymous_5)
FN:258,(anonymous_6)
FN:266,(anonymous_7)
FN:276,(anonymous_8)
FN:283,(anonymous_9)
FN:288,(anonymous_10)
FN:301,(anonymous_11)
FN:314,(anonymous_12)
FN:328,(anonymous_13)
FN:332,(anonymous_14)
FN:340,(anonymous_15)
FN:354,(anonymous_16)
FNF:17
FNH:0
FNDA:0,(anonymous_0)
FNDA:0,(anonymous_1)
FNDA:0,(anonymous_2)
FNDA:0,(anonymous_3)
FNDA:0,(anonymous_4)
FNDA:0,(anonymous_5)
FNDA:0,(anonymous_6)
FNDA:0,(anonymous_7)
FNDA:0,(anonymous_8)
FNDA:0,(anonymous_9)
FNDA:0,(anonymous_10)
FNDA:0,(anonymous_11)
FNDA:0,(anonymous_12)
FNDA:0,(anonymous_13)
FNDA:0,(anonymous_14)
FNDA:0,(anonymous_15)
FNDA:0,(anonymous_16)
DA:11,0
DA:129,0
DA:134,0
DA:140,0
DA:148,0
DA:156,0
DA:214,0
DA:215,0
DA:221,0
DA:225,0
DA:231,0
DA:241,0
DA:259,0
DA:262,0
DA:266,0
DA:269,0
DA:270,0
DA:274,0
DA:275,0
DA:276,0
DA:280,0
DA:284,0
DA:285,0
DA:289,0
DA:290,0
DA:291,0
DA:294,0
DA:295,0
DA:298,0
DA:302,0
DA:303,0
DA:304,0
DA:307,0
DA:308,0
DA:311,0
DA:316,0
DA:319,0
DA:322,0
DA:325,0
DA:329,0
DA:333,0
DA:335,0
DA:336,0
DA:341,0
DA:355,0
DA:356,0
DA:358,0
LF:47
LH:0
BRDA:230,0,0,0
BRDA:269,1,0,0
BRDA:269,1,1,0
BRDA:274,2,0,0
BRDA:274,2,1,0
BRDA:289,3,0,0
BRDA:289,3,1,0
BRDA:294,4,0,0
BRDA:294,4,1,0
BRDA:302,5,0,0
BRDA:302,5,1,0
BRDA:307,6,0,0
BRDA:307,6,1,0
BRDA:316,7,0,0
BRDA:316,7,1,0
BRDA:319,8,0,0
BRDA:319,8,1,0
BRDA:319,9,0,0
BRDA:319,9,1,0
BRDA:322,10,0,0
BRDA:322,10,1,0
BRDA:322,11,0,0
BRDA:322,11,1,0
BRDA:333,12,0,0
BRDA:333,12,1,0
BRF:25
BRH:0
end_of_record
TN:
SF:modules/database/models/Setting.js
FN:10,(anonymous_0)
FN:132,(anonymous_1)
FN:140,(anonymous_2)
FN:287,(anonymous_3)
FN:304,(anonymous_4)
FN:326,(anonymous_5)
FN:339,(anonymous_6)
FN:360,(anonymous_7)
FN:366,(anonymous_8)
FN:386,(anonymous_9)
FN:406,(anonymous_10)
FN:452,(anonymous_11)
FN:464,(anonymous_12)
FN:474,(anonymous_13)
FNF:14
FNH:0
FNDA:0,(anonymous_0)
FNDA:0,(anonymous_1)
FNDA:0,(anonymous_2)
FNDA:0,(anonymous_3)
FNDA:0,(anonymous_4)
FNDA:0,(anonymous_5)
FNDA:0,(anonymous_6)
FNDA:0,(anonymous_7)
FNDA:0,(anonymous_8)
FNDA:0,(anonymous_9)
FNDA:0,(anonymous_10)
FNDA:0,(anonymous_11)
FNDA:0,(anonymous_12)
FNDA:0,(anonymous_13)
DA:11,0
DA:133,0
DA:141,0
DA:277,0
DA:278,0
DA:284,0
DA:288,0
DA:299,0
DA:301,0
DA:305,0
DA:307,0
DA:318,0
DA:319,0
DA:320,0
DA:323,0
DA:327,0
DA:329,0
DA:330,0
DA:333,0
DA:340,0
DA:348,0
DA:350,0
DA:351,0
DA:352,0
DA:354,0
DA:357,0
DA:361,0
DA:362,0
DA:367,0
DA:369,0
DA:370,0
DA:372,0
DA:374,0
DA:377,0
DA:379,0
DA:382,0
DA:387,0
DA:389,0
DA:390,0
DA:392,0
DA:394,0
DA:397,0
DA:399,0
DA:402,0
DA:407,0
DA:408,0
DA:411,0
DA:412,0
DA:415,0
DA:417,0
DA:418,0
DA:420,0
DA:421,0
DA:422,0
DA:424,0
DA:425,0
DA:428,0
DA:431,0
DA:432,0
DA:434,0
DA:435,0
DA:437,0
DA:438,0
DA:440,0
DA:441,0
DA:443,0
DA:446,0
DA:453,0
DA:455,0
DA:456,0
DA:459,0
DA:460,0
DA:465,0
DA:475,0
LF:74
LH:0
BRDA:287,0,0,0
BRDA:287,1,0,0
BRDA:299,2,0,0
BRDA:299,2,1,0
BRDA:304,3,0,0
BRDA:305,4,0,0
BRDA:305,4,1,0
BRDA:318,5,0,0
BRDA:318,5,1,0
BRDA:326,6,0,0
BRDA:329,7,0,0
BRDA:329,7,1,0
BRDA:351,8,0,0
BRDA:351,8,1,0
BRDA:361,9,0,0
BRDA:361,9,1,0
BRDA:367,10,0,0
BRDA:367,10,1,0
BRDA:370,11,0,0
BRDA:370,11,1,0
BRDA:370,11,2,0
BRDA:370,11,3,0
BRDA:370,11,4,0
BRDA:372,12,0,0
BRDA:372,12,1,0
BRDA:387,13,0,0
BRDA:387,13,1,0
BRDA:390,14,0,0
BRDA:390,14,1,0
BRDA:390,14,2,0
BRDA:390,14,3,0
BRDA:390,14,4,0
BRDA:407,15,0,0
BRDA:407,15,1,0
BRDA:407,16,0,0
BRDA:407,16,1,0
BRDA:415,17,0,0
BRDA:415,17,1,0
BRDA:417,18,0,0
BRDA:417,18,1,0
BRDA:421,19,0,0
BRDA:421,19,1,0
BRDA:421,20,0,0
BRDA:421,20,1,0
BRDA:424,21,0,0
BRDA:424,21,1,0
BRDA:424,22,0,0
BRDA:424,22,1,0
BRDA:431,23,0,0
BRDA:431,23,1,0
BRDA:431,24,0,0
BRDA:431,24,1,0
BRDA:434,25,0,0
BRDA:434,25,1,0
BRDA:434,26,0,0
BRDA:434,26,1,0
BRDA:437,27,0,0
BRDA:437,27,1,0
BRDA:437,28,0,0
BRDA:437,28,1,0
BRDA:440,29,0,0
BRDA:440,29,1,0
BRDA:440,30,0,0
BRDA:440,30,1,0
BRDA:455,31,0,0
BRDA:455,31,1,0
BRF:66
BRH:0
end_of_record
TN:
SF:modules/database/models/User.js
FN:14,(anonymous_0)
FN:236,(anonymous_1)
FN:241,(anonymous_2)
FN:263,(anonymous_3)
FN:267,(anonymous_4)
FN:273,(anonymous_5)
FN:277,(anonymous_6)
FN:292,(anonymous_7)
FN:315,(anonymous_8)
FN:323,(anonymous_9)
FN:334,(anonymous_10)
FN:338,(anonymous_11)
FN:344,(anonymous_12)
FN:352,(anonymous_13)
FN:358,(anonymous_14)
FN:376,(anonymous_15)
FN:380,(anonymous_16)
FN:384,(anonymous_17)
FN:396,(anonymous_18)
FN:406,(anonymous_19)
FN:418,(anonymous_20)
FN:450,(anonymous_21)
FNF:22
FNH:0
FNDA:0,(anonymous_0)
FNDA:0,(anonymous_1)
FNDA:0,(anonymous_2)
FNDA:0,(anonymous_3)
FNDA:0,(anonymous_4)
FNDA:0,(anonymous_5)
FNDA:0,(anonymous_6)
FNDA:0,(anonymous_7)
FNDA:0,(anonymous_8)
FNDA:0,(anonymous_9)
FNDA:0,(anonymous_10)
FNDA:0,(anonymous_11)
FNDA:0,(anonymous_12)
FNDA:0,(anonymous_13)
FNDA:0,(anonymous_14)
FNDA:0,(anonymous_15)
FNDA:0,(anonymous_16)
FNDA:0,(anonymous_17)
FNDA:0,(anonymous_18)
FNDA:0,(anonymous_19)
FNDA:0,(anonymous_20)
FNDA:0,(anonymous_21)
DA:15,0
DA:237,0
DA:238,0
DA:242,0
DA:243,0
DA:244,0
DA:259,0
DA:264,0
DA:268,0
DA:269,0
DA:270,0
DA:274,0
DA:278,0
DA:293,0
DA:296,0
DA:297,0
DA:298,0
DA:299,0
DA:300,0
DA:301,0
DA:302,0
DA:305,0
DA:306,0
DA:308,0
DA:309,0
DA:312,0
DA:316,0
DA:317,0
DA:318,0
DA:319,0
DA:320,0
DA:324,0
DA:327,0
DA:328,0
DA:331,0
DA:335,0
DA:339,0
DA:340,0
DA:341,0
DA:345,0
DA:346,0
DA:347,0
DA:348,0
DA:349,0
DA:353,0
DA:354,0
DA:355,0
DA:359,0
DA:366,0
DA:368,0
DA:369,0
DA:370,0
DA:372,0
DA:377,0
DA:381,0
DA:385,0
DA:386,0
DA:397,0
DA:403,0
DA:407,0
DA:419,0
DA:421,0
DA:423,0
DA:427,0
DA:431,0
DA:439,0
DA:452,0
DA:458,0
DA:464,0
DA:472,0
LF:70
LH:0
BRDA:237,0,0,0
BRDA:237,0,1,0
BRDA:242,1,0,0
BRDA:242,1,1,0
BRDA:287,2,0,0
BRDA:287,2,1,0
BRDA:305,3,0,0
BRDA:305,3,1,0
BRDA:308,4,0,0
BRDA:308,4,1,0
BRDA:327,5,0,0
BRDA:327,5,1,0
BRDA:335,6,0,0
BRDA:335,6,1,0
BRDA:348,7,0,0
BRDA:348,7,1,0
BRDA:358,8,0,0
BRDA:366,9,0,0
BRDA:366,9,1,0
BRDA:368,10,0,0
BRDA:368,10,1,0
BRDA:369,11,0,0
BRDA:369,11,1,0
BRDA:370,12,0,0
BRDA:370,12,1,0
BRDA:406,13,0,0
BRDA:444,14,0,0
BRDA:444,14,1,0
BRDA:445,15,0,0
BRDA:445,15,1,0
BRF:30
BRH:0
end_of_record
TN:
SF:modules/database/models/UserSession.js
FN:11,(anonymous_0)
FN:105,(anonymous_1)
FN:130,(anonymous_2)
FN:134,(anonymous_3)
FN:138,(anonymous_4)
FN:143,(anonymous_5)
FN:150,(anonymous_6)
FN:161,(anonymous_7)
FN:173,(anonymous_8)
FN:181,(anonymous_9)
FN:218,(anonymous_10)
FN:235,(anonymous_11)
FN:258,(anonymous_12)
FN:278,(anonymous_13)
FN:307,(anonymous_14)
FN:327,(anonymous_15)
FN:378,(anonymous_16)
FN:386,(anonymous_17)
FNF:18
FNH:0
FNDA:0,(anonymous_0)
FNDA:0,(anonymous_1)
FNDA:0,(anonymous_2)
FNDA:0,(anonymous_3)
FNDA:0,(anonymous_4)
FNDA:0,(anonymous_5)
FNDA:0,(anonymous_6)
FNDA:0,(anonymous_7)
FNDA:0,(anonymous_8)
FNDA:0,(anonymous_9)
FNDA:0,(anonymous_10)
FNDA:0,(anonymous_11)
FNDA:0,(anonymous_12)
FNDA:0,(anonymous_13)
FNDA:0,(anonymous_14)
FNDA:0,(anonymous_15)
FNDA:0,(anonymous_16)
FNDA:0,(anonymous_17)
DA:12,0
DA:106,0
DA:107,0
DA:109,0
DA:110,0
DA:126,0
DA:131,0
DA:135,0
DA:139,0
DA:140,0
DA:144,0
DA:145,0
DA:146,0
DA:147,0
DA:151,0
DA:153,0
DA:156,0
DA:158,0
DA:162,0
DA:174,0
DA:175,0
DA:176,0
DA:177,0
DA:193,0
DA:196,0
DA:200,0
DA:215,0
DA:219,0
DA:228,0
DA:229,0
DA:232,0
DA:236,0
DA:243,0
DA:244,0
DA:248,0
DA:249,0
DA:252,0
DA:253,0
DA:255,0
DA:259,0
DA:264,0
DA:265,0
DA:268,0
DA:279,0
DA:281,0
DA:296,0
DA:297,0
DA:304,0
DA:308,0
DA:310,0
DA:316,0
DA:317,0
DA:320,0
DA:328,0
DA:330,0
DA:332,0
DA:334,0
DA:342,0
DA:349,0
DA:350,0
DA:352,0
DA:360,0
DA:373,0
DA:379,0
DA:380,0
DA:387,0
LF:66
LH:0
BRDA:106,0,0,0
BRDA:106,0,1,0
BRDA:109,1,0,0
BRDA:109,1,1,0
BRDA:135,2,0,0
BRDA:135,2,1,0
BRDA:135,2,2,0
BRDA:143,3,0,0
BRDA:150,4,0,0
BRDA:151,5,0,0
BRDA:151,5,1,0
BRDA:181,6,0,0
BRDA:185,7,0,0
BRDA:191,8,0,0
BRDA:192,9,0,0
BRDA:196,10,0,0
BRDA:196,10,1,0
BRDA:228,11,0,0
BRDA:228,11,1,0
BRDA:228,12,0,0
BRDA:228,12,1,0
BRDA:243,13,0,0
BRDA:243,13,1,0
BRDA:243,14,0,0
BRDA:243,14,1,0
BRDA:258,15,0,0
BRDA:264,16,0,0
BRDA:264,16,1,0
BRDA:307,17,0,0
BRDA:316,18,0,0
BRDA:316,18,1,0
BRDA:327,19,0,0
BRDA:330,20,0,0
BRDA:330,20,1,0
BRF:34
BRH:0
end_of_record
TN:
SF:modules/docker/index.js
FN:11,(anonymous_0)
FN:33,(anonymous_1)
FN:57,(anonymous_2)
FN:81,(anonymous_3)
FN:150,(anonymous_4)
FN:205,(anonymous_5)
FN:283,(anonymous_6)
FN:341,(anonymous_7)
FN:405,(anonymous_8)
FN:472,(anonymous_9)
FN:547,(anonymous_10)
FN:602,(anonymous_11)
FN:658,(anonymous_12)
FN:708,(anonymous_13)
FN:750,(anonymous_14)
FNF:15
FNH:4
FNDA:6,(anonymous_0)
FNDA:1,(anonymous_1)
FNDA:1,(anonymous_2)
FNDA:1,(anonymous_3)
FNDA:0,(anonymous_4)
FNDA:0,(anonymous_5)
FNDA:0,(anonymous_6)
FNDA:0,(anonymous_7)
FNDA:0,(anonymous_8)
FNDA:0,(anonymous_9)
FNDA:0,(anonymous_10)
FNDA:0,(anonymous_11)
FNDA:0,(anonymous_12)
FNDA:0,(anonymous_13)
FNDA:0,(anonymous_14)
DA:12,6
DA:26,6
DA:27,6
DA:34,1
DA:35,1
DA:37,1
DA:38,1
DA:40,1
DA:41,1
DA:43,1
DA:49,0
DA:50,0
DA:58,1
DA:59,1
DA:60,1
DA:61,1
DA:63,1
DA:64,1
DA:66,1
DA:67,1
DA:68,1
DA:70,0
DA:74,0
DA:82,1
DA:143,1
DA:144,1
DA:156,0
DA:158,0
DA:159,0
DA:162,0
DA:210,0
DA:212,0
DA:284,0
DA:319,0
DA:321,0
DA:335,0
DA:342,0
DA:399,0
DA:406,0
DA:473,0
DA:548,0
DA:549,0
DA:552,0
DA:553,0
DA:554,0
DA:557,0
DA:558,0
DA:559,0
DA:562,0
DA:563,0
DA:564,0
DA:567,0
DA:568,0
DA:569,0
DA:572,0
DA:573,0
DA:574,0
DA:575,0
DA:576,0
DA:580,0
DA:594,0
DA:595,0
DA:603,0
DA:604,0
DA:606,0
DA:607,0
DA:608,0
DA:616,0
DA:618,0
DA:619,0
DA:621,0
DA:622,0
DA:625,0
DA:626,0
DA:629,0
DA:630,0
DA:633,0
DA:635,0
DA:636,0
DA:638,0
DA:639,0
DA:642,0
DA:643,0
DA:650,0
DA:651,0
DA:659,0
DA:660,0
DA:662,0
DA:663,0
DA:664,0
DA:670,0
DA:672,0
DA:674,0
DA:675,0
DA:678,0
DA:679,0
DA:682,0
DA:683,0
DA:686,0
DA:687,0
DA:689,0
DA:690,0
DA:693,0
DA:694,0
DA:700,0
DA:701,0
DA:709,0
DA:716,0
DA:718,0
DA:719,0
DA:720,0
DA:722,0
DA:723,0
DA:724,0
DA:726,0
DA:729,0
DA:730,0
DA:731,0
DA:733,0
DA:737,0
DA:740,0
DA:741,0
DA:744,0
DA:751,0
DA:770,1
LF:125
LH:23
BRDA:11,0,0,6
BRDA:150,1,0,0
BRDA:152,2,0,0
BRDA:153,3,0,0
BRDA:154,4,0,0
BRDA:155,5,0,0
BRDA:158,6,0,0
BRDA:158,6,1,0
BRDA:194,7,0,0
BRDA:194,7,1,0
BRDA:205,8,0,0
BRDA:207,9,0,0
BRDA:208,10,0,0
BRDA:209,11,0,0
BRDA:272,12,0,0
BRDA:272,12,1,0
BRDA:283,13,0,0
BRDA:405,14,0,0
BRDA:547,15,0,0
BRDA:547,16,0,0
BRDA:602,17,0,0
BRDA:611,18,0,0
BRDA:612,19,0,0
BRDA:613,20,0,0
BRDA:614,21,0,0
BRDA:615,22,0,0
BRDA:621,23,0,0
BRDA:621,23,1,0
BRDA:625,24,0,0
BRDA:625,24,1,0
BRDA:629,25,0,0
BRDA:629,25,1,0
BRDA:638,26,0,0
BRDA:638,26,1,0
BRDA:638,27,0,0
BRDA:638,27,1,0
BRDA:658,28,0,0
BRDA:658,29,0,0
BRDA:667,30,0,0
BRDA:668,31,0,0
BRDA:669,32,0,0
BRDA:674,33,0,0
BRDA:674,33,1,0
BRDA:678,34,0,0
BRDA:678,34,1,0
BRDA:682,35,0,0
BRDA:682,35,1,0
BRDA:689,36,0,0
BRDA:689,36,1,0
BRDA:689,37,0,0
BRDA:689,37,1,0
BRDA:689,37,2,0
BRDA:711,38,0,0
BRDA:711,38,1,0
BRDA:737,39,0,0
BRDA:737,39,1,0
BRF:56
BRH:1
end_of_record
TN:
SF:modules/monitoring/index.js
FN:10,(anonymous_0)
FN:26,(anonymous_1)
FN:31,(anonymous_2)
FN:50,(anonymous_3)
FN:79,(anonymous_4)
FN:80,(anonymous_5)
FN:94,(anonymous_6)
FN:131,(anonymous_7)
FN:144,(anonymous_8)
FN:175,(anonymous_9)
FN:192,(anonymous_10)
FN:201,(anonymous_11)
FN:211,(anonymous_12)
FN:215,(anonymous_13)
FN:216,(anonymous_14)
FN:230,(anonymous_15)
FN:237,(anonymous_16)
FN:257,(anonymous_17)
FN:286,(anonymous_18)
FN:299,(anonymous_19)
FN:320,(anonymous_20)
FN:344,(anonymous_21)
FN:353,(anonymous_22)
FN:357,(anonymous_23)
FN:360,(anonymous_24)
FN:369,(anonymous_25)
FN:372,(anonymous_26)
FN:380,(anonymous_27)
FN:383,(anonymous_28)
FN:392,(anonymous_29)
FN:394,(anonymous_30)
FN:402,(anonymous_31)
FNF:32
FNH:2
FNDA:2,(anonymous_0)
FNDA:2,(anonymous_1)
FNDA:0,(anonymous_2)
FNDA:0,(anonymous_3)
FNDA:0,(anonymous_4)
FNDA:0,(anonymous_5)
FNDA:0,(anonymous_6)
FNDA:0,(anonymous_7)
FNDA:0,(anonymous_8)
FNDA:0,(anonymous_9)
FNDA:0,(anonymous_10)
FNDA:0,(anonymous_11)
FNDA:0,(anonymous_12)
FNDA:0,(anonymous_13)
FNDA:0,(anonymous_14)
FNDA:0,(anonymous_15)
FNDA:0,(anonymous_16)
FNDA:0,(anonymous_17)
FNDA:0,(anonymous_18)
FNDA:0,(anonymous_19)
FNDA:0,(anonymous_20)
FNDA:0,(anonymous_21)
FNDA:0,(anonymous_22)
FNDA:0,(anonymous_23)
FNDA:0,(anonymous_24)
FNDA:0,(anonymous_25)
FNDA:0,(anonymous_26)
FNDA:0,(anonymous_27)
FNDA:0,(anonymous_28)
FNDA:0,(anonymous_29)
FNDA:0,(anonymous_30)
FNDA:0,(anonymous_31)
DA:11,2
DA:21,2
DA:22,2
DA:23,2
DA:27,2
DA:32,0
DA:41,2
DA:51,0
DA:52,0
DA:80,0
DA:81,0
DA:84,0
DA:93,0
DA:94,0
DA:95,0
DA:96,0
DA:99,0
DA:108,0
DA:114,0
DA:115,0
DA:121,0
DA:124,0
DA:132,0
DA:134,0
DA:145,0
DA:147,0
DA:148,0
DA:150,0
DA:151,0
DA:159,0
DA:160,0
DA:161,0
DA:164,0
DA:165,0
DA:169,0
DA:176,0
DA:177,0
DA:178,0
DA:179,0
DA:180,0
DA:183,0
DA:186,0
DA:193,0
DA:194,0
DA:196,0
DA:197,0
DA:200,0
DA:201,0
DA:202,0
DA:203,0
DA:204,0
DA:205,0
DA:209,0
DA:211,0
DA:213,0
DA:215,0
DA:216,0
DA:224,0
DA:231,0
DA:238,0
DA:240,0
DA:241,0
DA:242,0
DA:243,0
DA:246,0
DA:258,0
DA:267,0
DA:270,0
DA:271,0
DA:272,0
DA:273,0
DA:275,0
DA:288,0
DA:289,0
DA:290,0
DA:291,0
DA:293,0
DA:300,0
DA:301,0
DA:303,0
DA:321,0
DA:322,0
DA:329,0
DA:330,0
DA:333,0
DA:347,0
DA:355,0
DA:358,0
DA:361,0
DA:367,0
DA:370,0
DA:373,0
DA:378,0
DA:381,0
DA:384,0
DA:394,0
DA:395,0
DA:396,0
DA:398,0
DA:402,0
DA:403,0
DA:404,0
DA:407,0
LF:103
LH:6
BRDA:10,0,0,2
BRDA:51,1,0,0
BRDA:51,1,1,0
BRDA:114,2,0,0
BRDA:114,2,1,0
BRDA:131,3,0,0
BRDA:132,4,0,0
BRDA:132,4,1,0
BRDA:137,5,0,0
BRDA:137,5,1,0
BRDA:144,6,0,0
BRDA:145,7,0,0
BRDA:145,7,1,0
BRDA:150,8,0,0
BRDA:150,8,1,0
BRDA:164,9,0,0
BRDA:164,9,1,0
BRDA:175,10,0,0
BRDA:176,11,0,0
BRDA:176,11,1,0
BRDA:179,12,0,0
BRDA:179,12,1,0
BRDA:192,13,0,0
BRDA:192,14,0,0
BRDA:200,15,0,0
BRDA:200,15,1,0
BRDA:200,16,0,0
BRDA:200,16,1,0
BRDA:203,17,0,0
BRDA:203,17,1,0
BRDA:203,18,0,0
BRDA:203,18,1,0
BRDA:204,19,0,0
BRDA:204,19,1,0
BRDA:204,20,0,0
BRDA:204,20,1,0
BRDA:209,21,0,0
BRDA:209,21,1,0
BRDA:238,22,0,0
BRDA:238,22,1,0
BRDA:242,23,0,0
BRDA:242,23,1,0
BRDA:271,24,0,0
BRDA:271,24,1,0
BRDA:288,25,0,0
BRDA:288,25,1,0
BRDA:288,26,0,0
BRDA:288,26,1,0
BRDA:290,27,0,0
BRDA:290,27,1,0
BRDA:290,28,0,0
BRDA:290,28,1,0
BRDA:344,29,0,0
BRDA:358,30,0,0
BRDA:358,30,1,0
BRDA:370,31,0,0
BRDA:370,31,1,0
BRDA:381,32,0,0
BRDA:381,32,1,0
BRF:59
BRH:1
end_of_record
TN:
SF:modules/notifications/index.js
FN:13,(anonymous_0)
FN:77,(anonymous_1)
FN:106,(anonymous_2)
FN:208,(anonymous_3)
FN:215,(anonymous_4)
FN:224,(anonymous_5)
FN:238,(anonymous_6)
FN:239,(anonymous_7)
FN:247,(anonymous_8)
FN:254,(anonymous_9)
FN:310,(anonymous_10)
FN:354,(anonymous_11)
FN:398,(anonymous_12)
FN:441,(anonymous_13)
FN:488,(anonymous_14)
FN:524,(anonymous_15)
FN:599,(anonymous_16)
FN:607,(anonymous_17)
FN:619,(anonymous_18)
FN:628,(anonymous_19)
FN:630,(anonymous_20)
FN:650,(anonymous_21)
FN:656,(anonymous_22)
FN:657,(anonymous_23)
FN:665,(anonymous_24)
FN:668,(anonymous_25)
FN:671,(anonymous_26)
FN:684,(anonymous_27)
FN:713,(anonymous_28)
FNF:29
FNH:0
FNDA:0,(anonymous_0)
FNDA:0,(anonymous_1)
FNDA:0,(anonymous_2)
FNDA:0,(anonymous_3)
FNDA:0,(anonymous_4)
FNDA:0,(anonymous_5)
FNDA:0,(anonymous_6)
FNDA:0,(anonymous_7)
FNDA:0,(anonymous_8)
FNDA:0,(anonymous_9)
FNDA:0,(anonymous_10)
FNDA:0,(anonymous_11)
FNDA:0,(anonymous_12)
FNDA:0,(anonymous_13)
FNDA:0,(anonymous_14)
FNDA:0,(anonymous_15)
FNDA:0,(anonymous_16)
FNDA:0,(anonymous_17)
FNDA:0,(anonymous_18)
FNDA:0,(anonymous_19)
FNDA:0,(anonymous_20)
FNDA:0,(anonymous_21)
FNDA:0,(anonymous_22)
FNDA:0,(anonymous_23)
FNDA:0,(anonymous_24)
FNDA:0,(anonymous_25)
FNDA:0,(anonymous_26)
FNDA:0,(anonymous_27)
FNDA:0,(anonymous_28)
DA:14,0
DA:71,0
DA:72,0
DA:73,0
DA:74,0
DA:79,0
DA:80,0
DA:84,0
DA:85,0
DA:92,0
DA:93,0
DA:97,0
DA:98,0
DA:108,0
DA:125,0
DA:145,0
DA:166,0
DA:170,0
DA:175,0
DA:180,0
DA:192,0
DA:209,0
DA:216,0
DA:217,0
DA:218,0
DA:221,0
DA:224,0
DA:225,0
DA:226,0
DA:227,0
DA:228,0
DA:232,0
DA:239,0
DA:240,0
DA:248,0
DA:255,0
DA:256,0
DA:259,0
DA:268,0
DA:270,0
DA:271,0
DA:272,0
DA:275,0
DA:276,0
DA:277,0
DA:278,0
DA:279,0
DA:282,0
DA:291,0
DA:293,0
DA:299,0
DA:311,0
DA:312,0
DA:315,0
DA:321,0
DA:323,0
DA:326,0
DA:327,0
DA:328,0
DA:331,0
DA:337,0
DA:343,0
DA:355,0
DA:356,0
DA:359,0
DA:365,0
DA:367,0
DA:370,0
DA:371,0
DA:372,0
DA:375,0
DA:381,0
DA:387,0
DA:399,0
DA:400,0
DA:403,0
DA:412,0
DA:414,0
DA:423,0
DA:425,0
DA:430,0
DA:442,0
DA:443,0
DA:446,0
DA:453,0
DA:455,0
DA:456,0
DA:459,0
DA:460,0
DA:461,0
DA:462,0
DA:465,0
DA:471,0
DA:477,0
DA:489,0
DA:490,0
DA:493,0
DA:499,0
DA:501,0
DA:508,0
DA:513,0
DA:531,0
DA:533,0
DA:535,0
DA:536,0
DA:539,0
DA:541,0
DA:546,0
DA:549,0
DA:554,0
DA:557,0
DA:562,0
DA:565,0
DA:570,0
DA:573,0
DA:574,0
DA:575,0
DA:582,0
DA:585,0
DA:590,0
DA:598,0
DA:599,0
DA:608,0
DA:615,0
DA:618,0
DA:619,0
DA:622,0
DA:629,0
DA:630,0
DA:631,0
DA:634,0
DA:635,0
DA:636,0
DA:638,0
DA:640,0
DA:641,0
DA:643,0
DA:644,0
DA:645,0
DA:650,0
DA:657,0
DA:658,0
DA:666,0
DA:670,0
DA:671,0
DA:674,0
DA:676,0
DA:685,0
DA:691,0
DA:692,0
DA:693,0
DA:694,0
DA:696,0
DA:697,0
DA:702,0
DA:703,0
DA:704,0
DA:705,0
DA:707,0
DA:708,0
DA:713,0
DA:714,0
DA:715,0
DA:719,0
DA:721,0
LF:165
LH:0
BRDA:13,0,0,0
BRDA:20,1,0,0
BRDA:20,1,1,0
BRDA:27,2,0,0
BRDA:27,2,1,0
BRDA:52,3,0,0
BRDA:52,3,1,0
BRDA:79,4,0,0
BRDA:79,4,1,0
BRDA:84,5,0,0
BRDA:84,5,1,0
BRDA:84,6,0,0
BRDA:84,6,1,0
BRDA:92,7,0,0
BRDA:92,7,1,0
BRDA:97,8,0,0
BRDA:97,8,1,0
BRDA:217,9,0,0
BRDA:217,9,1,0
BRDA:225,10,0,0
BRDA:225,10,1,0
BRDA:227,11,0,0
BRDA:227,11,1,0
BRDA:240,12,0,0
BRDA:240,12,1,0
BRDA:255,13,0,0
BRDA:255,13,1,0
BRDA:275,14,0,0
BRDA:275,14,1,0
BRDA:276,15,0,0
BRDA:276,15,1,0
BRDA:284,16,0,0
BRDA:284,16,1,0
BRDA:311,17,0,0
BRDA:311,17,1,0
BRDA:326,18,0,0
BRDA:326,18,1,0
BRDA:327,19,0,0
BRDA:327,19,1,0
BRDA:355,20,0,0
BRDA:355,20,1,0
BRDA:370,21,0,0
BRDA:370,21,1,0
BRDA:371,22,0,0
BRDA:371,22,1,0
BRDA:399,23,0,0
BRDA:399,23,1,0
BRDA:417,24,0,0
BRDA:417,24,1,0
BRDA:418,25,0,0
BRDA:418,25,1,0
BRDA:442,26,0,0
BRDA:442,26,1,0
BRDA:459,27,0,0
BRDA:459,27,1,0
BRDA:460,28,0,0
BRDA:460,28,1,0
BRDA:466,29,0,0
BRDA:466,29,1,0
BRDA:489,30,0,0
BRDA:489,30,1,0
BRDA:504,31,0,0
BRDA:504,31,1,0
BRDA:526,32,0,0
BRDA:539,33,0,0
BRDA:539,33,1,0
BRDA:539,33,2,0
BRDA:539,33,3,0
BRDA:539,33,4,0
BRDA:573,34,0,0
BRDA:573,34,1,0
BRDA:577,35,0,0
BRDA:577,35,1,0
BRDA:607,36,0,0
BRDA:618,37,0,0
BRDA:618,37,1,0
BRDA:631,38,0,0
BRDA:631,38,1,0
BRDA:656,39,0,0
BRDA:691,40,0,0
BRDA:691,40,1,0
BRDA:702,41,0,0
BRDA:702,41,1,0
BRDA:714,42,0,0
BRDA:714,42,1,0
BRF:85
BRH:0
end_of_record
TN:
SF:modules/payments/enhanced-payments.js
FN:10,(anonymous_0)
FN:50,(anonymous_1)
FN:69,(anonymous_2)
FN:126,(anonymous_3)
FN:166,(anonymous_4)
FN:216,(anonymous_5)
FN:253,(anonymous_6)
FN:300,(anonymous_7)
FN:318,(anonymous_8)
FN:349,(anonymous_9)
FN:382,(anonymous_10)
FN:384,(anonymous_11)
FN:398,(anonymous_12)
FN:403,(anonymous_13)
FN:409,(anonymous_14)
FN:452,(anonymous_15)
FN:466,(anonymous_16)
FN:484,(anonymous_17)
FN:498,(anonymous_18)
FN:516,(anonymous_19)
FN:530,(anonymous_20)
FN:552,(anonymous_21)
FN:561,(anonymous_22)
FN:570,(anonymous_23)
FN:578,(anonymous_24)
FN:587,(anonymous_25)
FN:599,(anonymous_26)
FN:611,(anonymous_27)
FN:615,(anonymous_28)
FN:627,(anonymous_29)
FN:639,(anonymous_30)
FN:642,(anonymous_31)
FNF:32
FNH:1
FNDA:2,(anonymous_0)
FNDA:0,(anonymous_1)
FNDA:0,(anonymous_2)
FNDA:0,(anonymous_3)
FNDA:0,(anonymous_4)
FNDA:0,(anonymous_5)
FNDA:0,(anonymous_6)
FNDA:0,(anonymous_7)
FNDA:0,(anonymous_8)
FNDA:0,(anonymous_9)
FNDA:0,(anonymous_10)
FNDA:0,(anonymous_11)
FNDA:0,(anonymous_12)
FNDA:0,(anonymous_13)
FNDA:0,(anonymous_14)
FNDA:0,(anonymous_15)
FNDA:0,(anonymous_16)
FNDA:0,(anonymous_17)
FNDA:0,(anonymous_18)
FNDA:0,(anonymous_19)
FNDA:0,(anonymous_20)
FNDA:0,(anonymous_21)
FNDA:0,(anonymous_22)
FNDA:0,(anonymous_23)
FNDA:0,(anonymous_24)
FNDA:0,(anonymous_25)
FNDA:0,(anonymous_26)
FNDA:0,(anonymous_27)
FNDA:0,(anonymous_28)
FNDA:0,(anonymous_29)
FNDA:0,(anonymous_30)
FNDA:0,(anonymous_31)
DA:11,2
DA:39,2
DA:40,2
DA:41,2
DA:42,2
DA:44,2
DA:51,0
DA:53,0
DA:54,0
DA:55,0
DA:57,0
DA:58,0
DA:59,0
DA:61,0
DA:62,0
DA:70,0
DA:71,0
DA:85,0
DA:86,0
DA:87,0
DA:92,0
DA:94,0
DA:95,0
DA:97,0
DA:98,0
DA:100,0
DA:101,0
DA:103,0
DA:107,0
DA:115,0
DA:118,0
DA:119,0
DA:127,0
DA:128,0
DA:129,0
DA:130,0
DA:133,0
DA:136,0
DA:138,0
DA:139,0
DA:141,0
DA:142,0
DA:144,0
DA:145,0
DA:147,0
DA:151,0
DA:152,0
DA:153,0
DA:155,0
DA:158,0
DA:159,0
DA:167,0
DA:168,0
DA:178,0
DA:179,0
DA:180,0
DA:185,0
DA:187,0
DA:188,0
DA:190,0
DA:191,0
DA:193,0
DA:197,0
DA:205,0
DA:208,0
DA:209,0
DA:217,0
DA:218,0
DA:219,0
DA:220,0
DA:223,0
DA:226,0
DA:228,0
DA:229,0
DA:231,0
DA:232,0
DA:234,0
DA:238,0
DA:239,0
DA:240,0
DA:242,0
DA:245,0
DA:246,0
DA:254,0
DA:255,0
DA:256,0
DA:257,0
DA:260,0
DA:266,0
DA:269,0
DA:271,0
DA:272,0
DA:274,0
DA:275,0
DA:277,0
DA:278,0
DA:280,0
DA:284,0
DA:285,0
DA:286,0
DA:287,0
DA:289,0
DA:292,0
DA:293,0
DA:301,0
DA:302,0
DA:303,0
DA:304,0
DA:307,0
DA:310,0
DA:311,0
DA:319,0
DA:321,0
DA:323,0
DA:324,0
DA:325,0
DA:327,0
DA:329,0
DA:331,0
DA:333,0
DA:335,0
DA:339,0
DA:342,0
DA:343,0
DA:351,0
DA:352,0
DA:353,0
DA:354,0
DA:355,0
DA:357,0
DA:362,0
DA:363,0
DA:365,0
DA:367,0
DA:372,0
DA:373,0
DA:375,0
DA:377,0
DA:384,0
DA:385,0
DA:386,0
DA:387,0
DA:389,0
DA:390,0
DA:391,0
DA:393,0
DA:398,0
DA:399,0
DA:403,0
DA:404,0
DA:410,0
DA:412,0
DA:414,0
DA:426,0
DA:433,0
DA:443,0
DA:453,0
DA:455,0
DA:459,0
DA:467,0
DA:469,0
DA:477,0
DA:485,0
DA:487,0
DA:491,0
DA:499,0
DA:501,0
DA:508,0
DA:517,0
DA:519,0
DA:521,0
DA:531,0
DA:533,0
DA:534,0
DA:536,0
DA:537,0
DA:539,0
DA:540,0
DA:542,0
DA:543,0
DA:545,0
DA:548,0
DA:554,0
DA:562,0
DA:571,0
DA:579,0
DA:588,0
DA:591,0
DA:592,0
DA:593,0
DA:594,0
DA:595,0
DA:600,0
DA:603,0
DA:604,0
DA:605,0
DA:606,0
DA:607,0
DA:612,0
DA:616,0
DA:619,0
DA:620,0
DA:621,0
DA:622,0
DA:623,0
DA:628,0
DA:633,1
DA:635,1
DA:639,0
DA:643,0
DA:644,0
DA:646,0
LF:212
LH:8
BRDA:10,0,0,2
BRDA:14,1,0,2
BRDA:14,1,1,2
BRDA:15,2,0,2
BRDA:15,2,1,2
BRDA:16,3,0,2
BRDA:16,3,1,2
BRDA:17,4,0,2
BRDA:17,4,1,2
BRDA:20,5,0,2
BRDA:20,5,1,2
BRDA:21,6,0,2
BRDA:21,6,1,2
BRDA:22,7,0,2
BRDA:22,7,1,2
BRDA:23,8,0,2
BRDA:23,8,1,2
BRDA:26,9,0,2
BRDA:26,9,1,2
BRDA:27,10,0,2
BRDA:27,10,1,2
BRDA:28,11,0,2
BRDA:28,11,1,2
BRDA:31,12,0,2
BRDA:31,12,1,2
BRDA:32,13,0,2
BRDA:32,13,1,2
BRDA:33,14,0,2
BRDA:33,14,1,2
BRDA:34,15,0,2
BRDA:34,15,1,2
BRDA:35,16,0,2
BRDA:35,16,1,2
BRDA:51,17,0,0
BRDA:51,17,1,0
BRDA:73,18,0,0
BRDA:73,18,1,0
BRDA:74,19,0,0
BRDA:74,19,1,0
BRDA:75,20,0,0
BRDA:75,20,1,0
BRDA:76,21,0,0
BRDA:76,21,1,0
BRDA:78,22,0,0
BRDA:78,22,1,0
BRDA:79,23,0,0
BRDA:79,23,1,0
BRDA:80,24,0,0
BRDA:80,24,1,0
BRDA:81,25,0,0
BRDA:81,25,1,0
BRDA:86,26,0,0
BRDA:86,26,1,0
BRDA:92,27,0,0
BRDA:92,27,1,0
BRDA:92,27,2,0
BRDA:92,27,3,0
BRDA:126,28,0,0
BRDA:129,29,0,0
BRDA:129,29,1,0
BRDA:136,30,0,0
BRDA:136,30,1,0
BRDA:136,30,2,0
BRDA:136,30,3,0
BRDA:171,31,0,0
BRDA:171,31,1,0
BRDA:172,32,0,0
BRDA:172,32,1,0
BRDA:174,33,0,0
BRDA:174,33,1,0
BRDA:179,34,0,0
BRDA:179,34,1,0
BRDA:185,35,0,0
BRDA:185,35,1,0
BRDA:185,35,2,0
BRDA:216,36,0,0
BRDA:219,37,0,0
BRDA:219,37,1,0
BRDA:226,38,0,0
BRDA:226,38,1,0
BRDA:226,38,2,0
BRDA:253,39,0,0
BRDA:256,40,0,0
BRDA:256,40,1,0
BRDA:261,41,0,0
BRDA:261,41,1,0
BRDA:262,42,0,0
BRDA:262,42,1,0
BRDA:263,43,0,0
BRDA:263,43,1,0
BRDA:269,44,0,0
BRDA:269,44,1,0
BRDA:269,44,2,0
BRDA:269,44,3,0
BRDA:303,45,0,0
BRDA:303,45,1,0
BRDA:318,46,0,0
BRDA:323,47,0,0
BRDA:323,47,1,0
BRDA:323,48,0,0
BRDA:323,48,1,0
BRDA:324,49,0,0
BRDA:324,49,1,0
BRDA:327,50,0,0
BRDA:327,50,1,0
BRDA:327,50,2,0
BRDA:327,50,3,0
BRDA:335,51,0,0
BRDA:335,51,1,0
BRDA:339,52,0,0
BRDA:339,52,1,0
BRDA:351,53,0,0
BRDA:351,53,1,0
BRDA:362,54,0,0
BRDA:362,54,1,0
BRDA:372,55,0,0
BRDA:372,55,1,0
BRDA:412,56,0,0
BRDA:412,56,1,0
BRDA:488,57,0,0
BRDA:488,57,1,0
BRDA:531,58,0,0
BRDA:531,58,1,0
BRDA:531,58,2,0
BRDA:531,58,3,0
BRDA:531,58,4,0
BRDA:592,59,0,0
BRDA:592,59,1,0
BRDA:604,60,0,0
BRDA:604,60,1,0
BRDA:620,61,0,0
BRDA:620,61,1,0
BRDA:643,62,0,0
BRDA:643,62,1,0
BRF:134
BRH:33
end_of_record
TN:
SF:modules/payments/index.js
FN:11,(anonymous_0)
FN:35,(anonymous_1)
FN:55,(anonymous_2)
FN:100,(anonymous_3)
FN:136,(anonymous_4)
FN:178,(anonymous_5)
FN:208,(anonymous_6)
FN:255,(anonymous_7)
FN:259,(anonymous_8)
FN:278,(anonymous_9)
FN:313,(anonymous_10)
FN:342,(anonymous_11)
FN:365,(anonymous_12)
FN:386,(anonymous_13)
FN:406,(anonymous_14)
FN:422,(anonymous_15)
FN:431,(anonymous_16)
FN:459,(anonymous_17)
FN:489,(anonymous_18)
FN:492,(anonymous_19)
FN:495,(anonymous_20)
FN:498,(anonymous_21)
FN:507,(anonymous_22)
FN:528,(anonymous_23)
FNF:24
FNH:2
FNDA:2,(anonymous_0)
FNDA:2,(anonymous_1)
FNDA:0,(anonymous_2)
FNDA:0,(anonymous_3)
FNDA:0,(anonymous_4)
FNDA:0,(anonymous_5)
FNDA:0,(anonymous_6)
FNDA:0,(anonymous_7)
FNDA:0,(anonymous_8)
FNDA:0,(anonymous_9)
FNDA:0,(anonymous_10)
FNDA:0,(anonymous_11)
FNDA:0,(anonymous_12)
FNDA:0,(anonymous_13)
FNDA:0,(anonymous_14)
FNDA:0,(anonymous_15)
FNDA:0,(anonymous_16)
FNDA:0,(anonymous_17)
FNDA:0,(anonymous_18)
FNDA:0,(anonymous_19)
FNDA:0,(anonymous_20)
FNDA:0,(anonymous_21)
FNDA:0,(anonymous_22)
FNDA:0,(anonymous_23)
DA:12,2
DA:32,2
DA:37,2
DA:38,0
DA:44,2
DA:45,0
DA:48,0
DA:56,0
DA:64,0
DA:67,0
DA:79,0
DA:89,0
DA:101,0
DA:107,0
DA:109,0
DA:117,0
DA:126,0
DA:137,0
DA:144,0
DA:146,0
DA:158,0
DA:168,0
DA:183,0
DA:186,0
DA:194,0
DA:209,0
DA:212,0
DA:215,0
DA:218,0
DA:221,0
DA:224,0
DA:227,0
DA:228,0
DA:229,0
DA:233,0
DA:236,0
DA:239,0
DA:240,0
DA:241,0
DA:242,0
DA:244,0
DA:248,0
DA:249,0
DA:250,0
DA:252,0
DA:256,0
DA:261,0
DA:262,0
DA:263,0
DA:264,0
DA:265,0
DA:266,0
DA:268,0
DA:272,0
DA:279,0
DA:280,0
DA:286,0
DA:288,0
DA:291,0
DA:294,0
DA:297,0
DA:300,0
DA:303,0
DA:305,0
DA:306,0
DA:314,0
DA:315,0
DA:317,0
DA:318,0
DA:320,0
DA:322,0
DA:325,0
DA:328,0
DA:332,0
DA:334,0
DA:335,0
DA:343,0
DA:354,0
DA:357,0
DA:359,0
DA:366,0
DA:375,0
DA:378,0
DA:380,0
DA:387,0
DA:398,0
DA:400,0
DA:407,0
DA:414,0
DA:416,0
DA:425,0
DA:432,0
DA:433,0
DA:435,0
DA:443,0
DA:449,0
DA:460,0
DA:462,0
DA:463,0
DA:469,0
DA:470,0
DA:476,0
DA:477,0
DA:483,0
DA:490,0
DA:493,0
DA:494,0
DA:495,0
DA:496,0
DA:498,0
DA:499,0
DA:502,0
DA:508,0
DA:509,0
DA:510,0
DA:511,0
DA:512,0
DA:513,0
DA:516,0
DA:518,0
DA:519,0
DA:529,0
DA:535,0
DA:536,0
DA:537,0
DA:538,0
DA:540,0
DA:541,0
DA:546,0
DA:547,0
DA:551,0
DA:552,0
DA:555,0
LF:133
LH:4
BRDA:11,0,0,2
BRDA:37,1,0,0
BRDA:37,1,1,2
BRDA:37,2,0,2
BRDA:37,2,1,2
BRDA:44,3,0,0
BRDA:44,3,1,2
BRDA:44,4,0,2
BRDA:44,4,1,2
BRDA:59,5,0,0
BRDA:62,6,0,0
BRDA:105,7,0,0
BRDA:106,8,0,0
BRDA:142,9,0,0
BRDA:143,10,0,0
BRDA:227,11,0,0
BRDA:227,11,1,0
BRDA:239,12,0,0
BRDA:239,12,1,0
BRDA:239,13,0,0
BRDA:239,13,1,0
BRDA:241,14,0,0
BRDA:241,14,1,0
BRDA:265,15,0,0
BRDA:265,15,1,0
BRDA:286,16,0,0
BRDA:286,16,1,0
BRDA:286,16,2,0
BRDA:286,16,3,0
BRDA:286,16,4,0
BRDA:317,17,0,0
BRDA:317,17,1,0
BRDA:320,18,0,0
BRDA:320,18,1,0
BRDA:320,18,2,0
BRDA:345,19,0,0
BRDA:345,19,1,0
BRDA:346,20,0,0
BRDA:346,20,1,0
BRDA:349,21,0,0
BRDA:349,21,1,0
BRDA:368,22,0,0
BRDA:368,22,1,0
BRDA:371,23,0,0
BRDA:371,23,1,0
BRDA:440,24,0,0
BRDA:440,24,1,0
BRDA:462,25,0,0
BRDA:462,25,1,0
BRDA:469,26,0,0
BRDA:469,26,1,0
BRDA:476,27,0,0
BRDA:476,27,1,0
BRDA:493,28,0,0
BRDA:493,28,1,0
BRDA:509,29,0,0
BRDA:509,29,1,0
BRDA:512,30,0,0
BRDA:512,30,1,0
BRDA:535,31,0,0
BRDA:535,31,1,0
BRDA:546,32,0,0
BRDA:546,32,1,0
BRDA:551,33,0,0
BRDA:551,33,1,0
BRF:65
BRH:7
end_of_record
TN:
SF:modules/testing/index.js
FN:18,(anonymous_0)
FN:88,(anonymous_1)
FN:90,(anonymous_2)
FN:114,(anonymous_3)
FN:138,(anonymous_4)
FN:162,(anonymous_5)
FN:170,(anonymous_6)
FN:186,(anonymous_7)
FN:216,(anonymous_8)
FN:287,(anonymous_9)
FN:345,(anonymous_10)
FN:361,(anonymous_11)
FN:372,(anonymous_12)
FN:421,(anonymous_13)
FN:492,(anonymous_14)
FN:530,(anonymous_15)
FN:573,(anonymous_16)
FN:589,(anonymous_17)
FN:596,(anonymous_18)
FN:616,(anonymous_19)
FN:666,(anonymous_20)
FN:701,(anonymous_21)
FN:751,(anonymous_22)
FN:760,(anonymous_23)
FN:771,(anonymous_24)
FN:789,(anonymous_25)
FN:817,(anonymous_26)
FN:870,(anonymous_27)
FN:886,(anonymous_28)
FN:907,(anonymous_29)
FN:964,(anonymous_30)
FN:986,(anonymous_31)
FN:987,(anonymous_32)
FN:994,(anonymous_33)
FN:995,(anonymous_34)
FN:1003,(anonymous_35)
FN:1004,(anonymous_36)
FN:1011,(anonymous_37)
FN:1018,(anonymous_38)
FN:1029,(anonymous_39)
FN:1037,(anonymous_40)
FN:1045,(anonymous_41)
FNF:42
FNH:0
FNDA:0,(anonymous_0)
FNDA:0,(anonymous_1)
FNDA:0,(anonymous_2)
FNDA:0,(anonymous_3)
FNDA:0,(anonymous_4)
FNDA:0,(anonymous_5)
FNDA:0,(anonymous_6)
FNDA:0,(anonymous_7)
FNDA:0,(anonymous_8)
FNDA:0,(anonymous_9)
FNDA:0,(anonymous_10)
FNDA:0,(anonymous_11)
FNDA:0,(anonymous_12)
FNDA:0,(anonymous_13)
FNDA:0,(anonymous_14)
FNDA:0,(anonymous_15)
FNDA:0,(anonymous_16)
FNDA:0,(anonymous_17)
FNDA:0,(anonymous_18)
FNDA:0,(anonymous_19)
FNDA:0,(anonymous_20)
FNDA:0,(anonymous_21)
FNDA:0,(anonymous_22)
FNDA:0,(anonymous_23)
FNDA:0,(anonymous_24)
FNDA:0,(anonymous_25)
FNDA:0,(anonymous_26)
FNDA:0,(anonymous_27)
FNDA:0,(anonymous_28)
FNDA:0,(anonymous_29)
FNDA:0,(anonymous_30)
FNDA:0,(anonymous_31)
FNDA:0,(anonymous_32)
FNDA:0,(anonymous_33)
FNDA:0,(anonymous_34)
FNDA:0,(anonymous_35)
FNDA:0,(anonymous_36)
FNDA:0,(anonymous_37)
FNDA:0,(anonymous_38)
FNDA:0,(anonymous_39)
FNDA:0,(anonymous_40)
FNDA:0,(anonymous_41)
DA:9,0
DA:19,0
DA:78,0
DA:79,0
DA:80,0
DA:81,0
DA:83,0
DA:84,0
DA:89,0
DA:91,0
DA:111,0
DA:115,0
DA:135,0
DA:139,0
DA:159,0
DA:163,0
DA:170,0
DA:181,0
DA:188,0
DA:190,0
DA:191,0
DA:192,0
DA:209,0
DA:211,0
DA:212,0
DA:217,0
DA:219,0
DA:288,0
DA:290,0
DA:291,0
DA:308,0
DA:313,0
DA:328,0
DA:330,0
DA:332,0
DA:333,0
DA:346,0
DA:348,0
DA:349,0
DA:350,0
DA:358,0
DA:362,0
DA:363,0
DA:373,0
DA:375,0
DA:384,0
DA:385,0
DA:386,0
DA:387,0
DA:392,0
DA:393,0
DA:396,0
DA:401,0
DA:405,0
DA:406,0
DA:408,0
DA:409,0
DA:422,0
DA:424,0
DA:425,0
DA:427,0
DA:435,0
DA:436,0
DA:459,0
DA:460,0
DA:461,0
DA:462,0
DA:464,0
DA:465,0
DA:468,0
DA:473,0
DA:477,0
DA:478,0
DA:479,0
DA:481,0
DA:482,0
DA:483,0
DA:493,0
DA:495,0
DA:502,0
DA:503,0
DA:504,0
DA:505,0
DA:507,0
DA:508,0
DA:511,0
DA:516,0
DA:519,0
DA:520,0
DA:521,0
DA:523,0
DA:527,0
DA:531,0
DA:533,0
DA:535,0
DA:536,0
DA:539,0
DA:540,0
DA:543,0
DA:545,0
DA:548,0
DA:549,0
DA:550,0
DA:553,0
DA:554,0
DA:555,0
DA:556,0
DA:559,0
DA:560,0
DA:563,0
DA:564,0
DA:565,0
DA:566,0
DA:569,0
DA:574,0
DA:576,0
DA:577,0
DA:580,0
DA:581,0
DA:583,0
DA:590,0
DA:591,0
DA:592,0
DA:597,0
DA:599,0
DA:600,0
DA:601,0
DA:603,0
DA:604,0
DA:606,0
DA:617,0
DA:619,0
DA:620,0
DA:621,0
DA:627,0
DA:634,0
DA:635,0
DA:636,0
DA:637,0
DA:639,0
DA:640,0
DA:643,0
DA:649,0
DA:653,0
DA:654,0
DA:656,0
DA:657,0
DA:667,0
DA:669,0
DA:678,0
DA:682,0
DA:702,0
DA:704,0
DA:705,0
DA:706,0
DA:709,0
DA:710,0
DA:713,0
DA:720,0
DA:721,0
DA:722,0
DA:723,0
DA:725,0
DA:726,0
DA:729,0
DA:734,0
DA:738,0
DA:739,0
DA:741,0
DA:742,0
DA:752,0
DA:755,0
DA:758,0
DA:759,0
DA:760,0
DA:761,0
DA:762,0
DA:766,0
DA:769,0
DA:770,0
DA:771,0
DA:772,0
DA:773,0
DA:777,0
DA:779,0
DA:787,0
DA:789,0
DA:790,0
DA:791,0
DA:792,0
DA:795,0
DA:805,0
DA:818,0
DA:819,0
DA:822,0
DA:824,0
DA:825,0
DA:826,0
DA:830,0
DA:832,0
DA:833,0
DA:836,0
DA:837,0
DA:838,0
DA:841,0
DA:842,0
DA:843,0
DA:845,0
DA:849,0
DA:850,0
DA:852,0
DA:853,0
DA:855,0
DA:862,0
DA:863,0
DA:872,0
DA:873,0
DA:876,0
DA:877,0
DA:883,0
DA:888,0
DA:891,0
DA:894,0
DA:895,0
DA:901,0
DA:908,0
DA:910,0
DA:916,0
DA:918,0
DA:919,0
DA:920,0
DA:921,0
DA:925,0
DA:926,0
DA:927,0
DA:928,0
DA:932,0
DA:933,0
DA:934,0
DA:935,0
DA:939,0
DA:940,0
DA:941,0
DA:942,0
DA:946,0
DA:947,0
DA:948,0
DA:949,0
DA:953,0
DA:956,0
DA:957,0
DA:958,0
DA:961,0
DA:965,0
DA:975,0
DA:976,0
DA:977,0
DA:978,0
DA:979,0
DA:983,0
DA:984,0
DA:985,0
DA:986,0
DA:987,0
DA:991,0
DA:992,0
DA:993,0
DA:994,0
DA:995,0
DA:999,0
DA:1000,0
DA:1001,0
DA:1003,0
DA:1004,0
DA:1009,0
DA:1010,0
DA:1011,0
DA:1012,0
DA:1013,0
DA:1016,0
DA:1018,0
DA:1023,0
DA:1030,0
DA:1037,0
DA:1038,0
DA:1045,0
DA:1046,0
DA:1052,0
LF:288
LH:0
BRDA:18,0,0,0
BRDA:48,1,0,0
BRDA:48,1,1,0
BRDA:83,2,0,0
BRDA:83,2,1,0
BRDA:190,3,0,0
BRDA:190,3,1,0
BRDA:190,4,0,0
BRDA:190,4,1,0
BRDA:217,5,0,0
BRDA:217,5,1,0
BRDA:287,6,0,0
BRDA:320,7,0,0
BRDA:320,7,1,0
BRDA:345,8,0,0
BRDA:376,9,0,0
BRDA:376,9,1,0
BRDA:392,10,0,0
BRDA:392,10,1,0
BRDA:421,11,0,0
BRDA:421,12,0,0
BRDA:435,13,0,0
BRDA:435,13,1,0
BRDA:464,14,0,0
BRDA:464,14,1,0
BRDA:507,15,0,0
BRDA:507,15,1,0
BRDA:519,16,0,0
BRDA:519,16,1,0
BRDA:533,17,0,0
BRDA:533,17,1,0
BRDA:533,17,2,0
BRDA:533,17,3,0
BRDA:533,17,4,0
BRDA:533,17,5,0
BRDA:533,17,6,0
BRDA:539,18,0,0
BRDA:539,18,1,0
BRDA:541,19,0,0
BRDA:541,19,1,0
BRDA:543,20,0,0
BRDA:543,20,1,0
BRDA:576,21,0,0
BRDA:576,21,1,0
BRDA:590,22,0,0
BRDA:590,22,1,0
BRDA:597,23,0,0
BRDA:597,23,1,0
BRDA:616,24,0,0
BRDA:616,25,0,0
BRDA:620,26,0,0
BRDA:620,26,1,0
BRDA:639,27,0,0
BRDA:639,27,1,0
BRDA:674,28,0,0
BRDA:674,28,1,0
BRDA:678,29,0,0
BRDA:678,29,1,0
BRDA:678,29,2,0
BRDA:701,30,0,0
BRDA:701,31,0,0
BRDA:705,32,0,0
BRDA:705,32,1,0
BRDA:709,33,0,0
BRDA:709,33,1,0
BRDA:725,34,0,0
BRDA:725,34,1,0
BRDA:725,35,0,0
BRDA:725,35,1,0
BRDA:791,36,0,0
BRDA:791,36,1,0
BRDA:810,37,0,0
BRDA:810,37,1,0
BRDA:817,38,0,0
BRDA:818,39,0,0
BRDA:818,39,1,0
BRDA:830,40,0,0
BRDA:830,40,1,0
BRDA:830,40,2,0
BRDA:830,40,3,0
BRDA:907,41,0,0
BRDA:907,42,0,0
BRDA:918,43,0,0
BRDA:918,43,1,0
BRDA:921,44,0,0
BRDA:921,44,1,0
BRDA:925,45,0,0
BRDA:925,45,1,0
BRDA:925,46,0,0
BRDA:925,46,1,0
BRDA:928,47,0,0
BRDA:928,47,1,0
BRDA:932,48,0,0
BRDA:932,48,1,0
BRDA:935,49,0,0
BRDA:935,49,1,0
BRDA:939,50,0,0
BRDA:939,50,1,0
BRDA:942,51,0,0
BRDA:942,51,1,0
BRDA:946,52,0,0
BRDA:946,52,1,0
BRDA:949,53,0,0
BRDA:949,53,1,0
BRDA:975,54,0,0
BRDA:975,54,1,0
BRDA:976,55,0,0
BRDA:976,55,1,0
BRDA:977,56,0,0
BRDA:977,56,1,0
BRDA:978,57,0,0
BRDA:978,57,1,0
BRDA:983,58,0,0
BRDA:983,58,1,0
BRDA:984,59,0,0
BRDA:984,59,1,0
BRDA:991,60,0,0
BRDA:991,60,1,0
BRDA:992,61,0,0
BRDA:992,61,1,0
BRDA:999,62,0,0
BRDA:999,62,1,0
BRDA:1000,63,0,0
BRDA:1000,63,1,0
BRDA:1004,64,0,0
BRDA:1004,64,1,0
BRDA:1009,65,0,0
BRDA:1009,65,1,0
BRDA:1010,66,0,0
BRDA:1010,66,1,0
BRDA:1012,67,0,0
BRDA:1012,67,1,0
BRDA:1013,68,0,0
BRDA:1013,68,1,0
BRDA:1013,69,0,0
BRDA:1013,69,1,0
BRDA:1013,70,0,0
BRDA:1013,70,1,0
BRDA:1013,71,0,0
BRDA:1013,71,1,0
BRDA:1040,72,0,0
BRDA:1040,72,1,0
BRF:142
BRH:0
end_of_record
TN:
SF:modules/ui/index-simple.js
FN:7,(anonymous_0)
FN:22,(anonymous_1)
FN:43,(anonymous_2)
FN:136,(anonymous_3)
FN:153,(anonymous_4)
FN:171,(anonymous_5)
FN:189,(anonymous_6)
FN:212,(anonymous_7)
FN:231,(anonymous_8)
FN:234,(anonymous_9)
FN:238,(anonymous_10)
FN:239,(anonymous_11)
FN:264,(anonymous_12)
FN:268,(anonymous_13)
FN:292,(anonymous_14)
FN:310,(anonymous_15)
FNF:16
FNH:0
FNDA:0,(anonymous_0)
FNDA:0,(anonymous_1)
FNDA:0,(anonymous_2)
FNDA:0,(anonymous_3)
FNDA:0,(anonymous_4)
FNDA:0,(anonymous_5)
FNDA:0,(anonymous_6)
FNDA:0,(anonymous_7)
FNDA:0,(anonymous_8)
FNDA:0,(anonymous_9)
FNDA:0,(anonymous_10)
FNDA:0,(anonymous_11)
FNDA:0,(anonymous_12)
FNDA:0,(anonymous_13)
FNDA:0,(anonymous_14)
FNDA:0,(anonymous_15)
DA:8,0
DA:15,0
DA:16,0
DA:23,0
DA:24,0
DA:26,0
DA:27,0
DA:29,0
DA:35,0
DA:36,0
DA:44,0
DA:137,0
DA:139,0
DA:141,0
DA:143,0
DA:145,0
DA:147,0
DA:149,0
DA:159,0
DA:161,0
DA:177,0
DA:179,0
DA:190,0
DA:192,0
DA:213,0
DA:215,0
DA:232,0
DA:234,0
DA:235,0
DA:238,0
DA:239,0
DA:242,0
DA:265,0
DA:267,0
DA:268,0
DA:269,0
DA:272,0
DA:293,0
DA:311,0
DA:328,0
LF:40
LH:0
BRDA:7,0,0,0
BRDA:136,1,0,0
BRDA:137,2,0,0
BRDA:137,2,1,0
BRDA:137,2,2,0
BRDA:137,2,3,0
BRDA:137,2,4,0
BRDA:137,2,5,0
BRDA:149,3,0,0
BRDA:149,3,1,0
BRDA:155,4,0,0
BRDA:156,5,0,0
BRDA:157,6,0,0
BRDA:158,7,0,0
BRDA:164,8,0,0
BRDA:164,8,1,0
BRDA:165,9,0,0
BRDA:165,9,1,0
BRDA:173,10,0,0
BRDA:174,11,0,0
BRDA:175,12,0,0
BRDA:176,13,0,0
BRDA:190,14,0,0
BRDA:190,15,0,0
BRDA:190,16,0,0
BRDA:197,17,0,0
BRDA:197,17,1,0
BRDA:213,18,0,0
BRDA:213,19,0,0
BRDA:213,20,0,0
BRDA:216,21,0,0
BRDA:216,21,1,0
BRDA:219,22,0,0
BRDA:219,22,1,0
BRDA:223,23,0,0
BRDA:223,23,1,0
BRDA:232,24,0,0
BRDA:232,25,0,0
BRDA:232,26,0,0
BRDA:235,27,0,0
BRDA:235,27,1,0
BRDA:252,28,0,0
BRDA:252,28,1,0
BRDA:264,29,0,0
BRDA:264,30,0,0
BRDA:265,31,0,0
BRDA:265,32,0,0
BRDA:267,33,0,0
BRDA:267,33,1,0
BRDA:295,34,0,0
BRDA:295,34,1,0
BRF:51
BRH:0
end_of_record
TN:
SF:modules/ui/components/index.js
FN:42,renderComponent
FN:44,(anonymous_1)
FNF:2
FNH:0
FNDA:0,renderComponent
FNDA:0,(anonymous_1)
DA:7,0
DA:13,0
DA:19,0
DA:25,0
DA:31,0
DA:43,0
DA:44,0
DA:45,0
DA:46,0
DA:48,0
DA:52,0
DA:58,0
DA:68,0
LF:13
LH:0
BRDA:42,0,0,0
BRDA:46,1,0,0
BRDA:46,1,1,0
BRF:3
BRH:0
end_of_record
TN:
SF:modules/ui/hooks/index.js
FNF:0
FNH:0
DA:13,0
DA:14,0
DA:15,0
DA:16,0
DA:19,0
DA:20,0
DA:21,0
DA:24,0
DA:25,0
DA:28,0
DA:29,0
DA:30,0
LF:12
LH:0
BRF:0
BRH:0
end_of_record
TN:
SF:modules/ui/hooks/useApi.js
FN:13,(anonymous_0)
FN:28,(anonymous_1)
FN:29,(anonymous_2)
FN:30,(anonymous_3)
FN:35,(anonymous_4)
FN:42,(anonymous_5)
FN:52,(anonymous_6)
FN:64,(anonymous_7)
FN:68,(anonymous_8)
FN:72,(anonymous_9)
FN:76,(anonymous_10)
FN:80,(anonymous_11)
FN:85,(anonymous_12)
FN:90,(anonymous_13)
FN:116,(anonymous_14)
FN:123,(anonymous_15)
FN:151,(anonymous_16)
FN:158,(anonymous_17)
FN:159,(anonymous_18)
FN:174,(anonymous_19)
FN:179,(anonymous_20)
FN:182,(anonymous_21)
FN:213,(anonymous_22)
FN:222,(anonymous_23)
FN:231,(anonymous_24)
FN:254,(anonymous_25)
FN:261,(anonymous_26)
FN:268,(anonymous_27)
FN:275,(anonymous_28)
FN:292,(anonymous_29)
FNF:30
FNH:0
FNDA:0,(anonymous_0)
FNDA:0,(anonymous_1)
FNDA:0,(anonymous_2)
FNDA:0,(anonymous_3)
FNDA:0,(anonymous_4)
FNDA:0,(anonymous_5)
FNDA:0,(anonymous_6)
FNDA:0,(anonymous_7)
FNDA:0,(anonymous_8)
FNDA:0,(anonymous_9)
FNDA:0,(anonymous_10)
FNDA:0,(anonymous_11)
FNDA:0,(anonymous_12)
FNDA:0,(anonymous_13)
FNDA:0,(anonymous_14)
FNDA:0,(anonymous_15)
FNDA:0,(anonymous_16)
FNDA:0,(anonymous_17)
FNDA:0,(anonymous_18)
FNDA:0,(anonymous_19)
FNDA:0,(anonymous_20)
FNDA:0,(anonymous_21)
FNDA:0,(anonymous_22)
FNDA:0,(anonymous_23)
FNDA:0,(anonymous_24)
FNDA:0,(anonymous_25)
FNDA:0,(anonymous_26)
FNDA:0,(anonymous_27)
FNDA:0,(anonymous_28)
FNDA:0,(anonymous_29)
DA:11,0
DA:13,0
DA:19,0
DA:22,0
DA:25,0
DA:28,0
DA:29,0
DA:30,0
DA:32,0
DA:33,0
DA:35,0
DA:36,0
DA:37,0
DA:42,0
DA:43,0
DA:46,0
DA:47,0
DA:48,0
DA:52,0
DA:53,0
DA:56,0
DA:57,0
DA:60,0
DA:64,0
DA:65,0
DA:68,0
DA:69,0
DA:72,0
DA:73,0
DA:76,0
DA:77,0
DA:80,0
DA:81,0
DA:85,0
DA:86,0
DA:90,0
DA:91,0
DA:94,0
DA:116,0
DA:117,0
DA:118,0
DA:119,0
DA:120,0
DA:123,0
DA:124,0
DA:125,0
DA:126,0
DA:129,0
DA:130,0
DA:132,0
DA:133,0
DA:134,0
DA:135,0
DA:137,0
DA:139,0
DA:140,0
DA:142,0
DA:144,0
DA:145,0
DA:151,0
DA:152,0
DA:153,0
DA:158,0
DA:159,0
DA:160,0
DA:164,0
DA:174,0
DA:175,0
DA:176,0
DA:177,0
DA:179,0
DA:180,0
DA:182,0
DA:183,0
DA:184,0
DA:185,0
DA:187,0
DA:189,0
DA:190,0
DA:193,0
DA:195,0
DA:196,0
DA:199,0
DA:200,0
DA:203,0
DA:204,0
DA:209,0
DA:210,0
DA:213,0
DA:214,0
DA:218,0
DA:222,0
DA:223,0
DA:224,0
DA:225,0
DA:226,0
DA:227,0
DA:228,0
DA:231,0
DA:232,0
DA:233,0
DA:235,0
DA:236,0
DA:242,0
DA:243,0
DA:244,0
DA:245,0
DA:247,0
DA:249,0
DA:254,0
DA:255,0
DA:256,0
DA:261,0
DA:262,0
DA:263,0
DA:268,0
DA:269,0
DA:270,0
DA:275,0
DA:276,0
DA:279,0
DA:292,0
LF:122
LH:0
BRDA:13,0,0,0
BRDA:15,1,0,0
BRDA:16,2,0,0
BRDA:17,3,0,0
BRDA:18,4,0,0
BRDA:42,5,0,0
BRDA:46,6,0,0
BRDA:46,6,1,0
BRDA:46,7,0,0
BRDA:46,7,1,0
BRDA:46,7,2,0
BRDA:48,8,0,0
BRDA:48,8,1,0
BRDA:56,9,0,0
BRDA:56,9,1,0
BRDA:56,10,0,0
BRDA:56,10,1,0
BRDA:56,10,2,0
BRDA:64,11,0,0
BRDA:68,12,0,0
BRDA:72,13,0,0
BRDA:76,14,0,0
BRDA:116,15,0,0
BRDA:124,16,0,0
BRDA:124,16,1,0
BRDA:134,17,0,0
BRDA:134,17,1,0
BRDA:139,18,0,0
BRDA:139,18,1,0
BRDA:144,19,0,0
BRDA:144,19,1,0
BRDA:152,20,0,0
BRDA:152,20,1,0
BRDA:174,21,0,0
BRDA:189,22,0,0
BRDA:189,22,1,0
BRDA:195,23,0,0
BRDA:195,23,1,0
BRDA:199,24,0,0
BRDA:199,24,1,0
BRDA:203,25,0,0
BRDA:203,25,1,0
BRDA:209,26,0,0
BRDA:209,26,1,0
BRDA:222,27,0,0
BRDA:222,28,0,0
BRDA:242,29,0,0
BRDA:242,29,1,0
BRDA:242,29,2,0
BRDA:243,30,0,0
BRDA:243,30,1,0
BRDA:243,31,0,0
BRDA:243,31,1,0
BRDA:244,32,0,0
BRDA:244,32,1,0
BRDA:244,32,2,0
BRDA:255,33,0,0
BRDA:255,33,1,0
BRDA:262,34,0,0
BRDA:262,34,1,0
BRDA:269,35,0,0
BRDA:269,35,1,0
BRDA:269,36,0,0
BRDA:269,36,1,0
BRF:64
BRH:0
end_of_record
TN:
SF:modules/ui/hooks/useCart.js
FN:9,(anonymous_0)
FN:24,(anonymous_1)
FN:25,(anonymous_2)
FN:30,(anonymous_3)
FN:31,(anonymous_4)
FN:33,(anonymous_5)
FN:73,(anonymous_6)
FN:74,(anonymous_7)
FN:76,(anonymous_8)
FN:82,(anonymous_9)
FN:93,(anonymous_10)
FN:99,(anonymous_11)
FN:100,(anonymous_12)
FN:110,(anonymous_13)
FN:121,(anonymous_14)
FN:129,(anonymous_15)
FN:131,(anonymous_16)
FN:137,(anonymous_17)
FN:139,(anonymous_18)
FN:145,(anonymous_19)
FN:181,(anonymous_20)
FN:206,(anonymous_21)
FN:233,(anonymous_22)
FN:258,(anonymous_23)
FN:261,(anonymous_24)
FN:290,(anonymous_25)
FNF:26
FNH:0
FNDA:0,(anonymous_0)
FNDA:0,(anonymous_1)
FNDA:0,(anonymous_2)
FNDA:0,(anonymous_3)
FNDA:0,(anonymous_4)
FNDA:0,(anonymous_5)
FNDA:0,(anonymous_6)
FNDA:0,(anonymous_7)
FNDA:0,(anonymous_8)
FNDA:0,(anonymous_9)
FNDA:0,(anonymous_10)
FNDA:0,(anonymous_11)
FNDA:0,(anonymous_12)
FNDA:0,(anonymous_13)
FNDA:0,(anonymous_14)
FNDA:0,(anonymous_15)
FNDA:0,(anonymous_16)
FNDA:0,(anonymous_17)
FNDA:0,(anonymous_18)
FNDA:0,(anonymous_19)
FNDA:0,(anonymous_20)
FNDA:0,(anonymous_21)
FNDA:0,(anonymous_22)
FNDA:0,(anonymous_23)
FNDA:0,(anonymous_24)
FNDA:0,(anonymous_25)
DA:9,0
DA:16,0
DA:18,0
DA:19,0
DA:20,0
DA:23,0
DA:24,0
DA:25,0
DA:30,0
DA:31,0
DA:32,0
DA:33,0
DA:39,0
DA:41,0
DA:42,0
DA:48,0
DA:49,0
DA:50,0
DA:53,0
DA:64,0
DA:65,0
DA:68,0
DA:73,0
DA:74,0
DA:75,0
DA:76,0
DA:80,0
DA:81,0
DA:82,0
DA:85,0
DA:88,0
DA:93,0
DA:94,0
DA:95,0
DA:96,0
DA:99,0
DA:100,0
DA:101,0
DA:103,0
DA:105,0
DA:108,0
DA:109,0
DA:110,0
DA:113,0
DA:116,0
DA:121,0
DA:122,0
DA:123,0
DA:124,0
DA:129,0
DA:130,0
DA:131,0
DA:137,0
DA:138,0
DA:139,0
DA:145,0
DA:146,0
DA:147,0
DA:148,0
DA:151,0
DA:160,0
DA:162,0
DA:163,0
DA:169,0
DA:170,0
DA:173,0
DA:174,0
DA:176,0
DA:181,0
DA:182,0
DA:184,0
DA:185,0
DA:187,0
DA:193,0
DA:195,0
DA:196,0
DA:199,0
DA:201,0
DA:206,0
DA:207,0
DA:208,0
DA:210,0
DA:219,0
DA:221,0
DA:222,0
DA:223,0
DA:226,0
DA:228,0
DA:233,0
DA:234,0
DA:235,0
DA:236,0
DA:238,0
DA:247,0
DA:248,0
DA:250,0
DA:251,0
DA:253,0
DA:258,0
DA:259,0
DA:260,0
DA:261,0
DA:265,0
DA:290,0
LF:104
LH:0
BRDA:9,0,0,0
BRDA:11,1,0,0
BRDA:12,2,0,0
BRDA:14,3,0,0
BRDA:15,4,0,0
BRDA:30,5,0,0
BRDA:30,6,0,0
BRDA:33,7,0,0
BRDA:33,7,1,0
BRDA:39,8,0,0
BRDA:39,8,1,0
BRDA:48,9,0,0
BRDA:48,9,1,0
BRDA:64,10,0,0
BRDA:64,10,1,0
BRDA:73,11,0,0
BRDA:76,12,0,0
BRDA:76,12,1,0
BRDA:80,13,0,0
BRDA:80,13,1,0
BRDA:82,14,0,0
BRDA:82,14,1,0
BRDA:93,15,0,0
BRDA:94,16,0,0
BRDA:94,16,1,0
BRDA:101,17,0,0
BRDA:101,17,1,0
BRDA:101,18,0,0
BRDA:101,18,1,0
BRDA:108,19,0,0
BRDA:108,19,1,0
BRDA:110,20,0,0
BRDA:110,20,1,0
BRDA:123,21,0,0
BRDA:123,21,1,0
BRDA:129,22,0,0
BRDA:131,23,0,0
BRDA:131,23,1,0
BRDA:137,24,0,0
BRDA:139,25,0,0
BRDA:139,25,1,0
BRDA:162,26,0,0
BRDA:162,26,1,0
BRDA:169,27,0,0
BRDA:169,27,1,0
BRDA:182,28,0,0
BRDA:182,28,1,0
BRDA:195,29,0,0
BRDA:195,29,1,0
BRDA:221,30,0,0
BRDA:221,30,1,0
BRDA:259,31,0,0
BRDA:259,31,1,0
BRDA:259,32,0,0
BRDA:259,32,1,0
BRF:55
BRH:0
end_of_record
TN:
SF:modules/ui/hooks/useForm.js
FN:9,(anonymous_0)
FN:23,(anonymous_1)
FN:76,(anonymous_2)
FN:80,(anonymous_3)
FN:93,(anonymous_4)
FN:94,(anonymous_5)
FN:99,(anonymous_6)
FN:104,(anonymous_7)
FN:111,(anonymous_8)
FN:113,(anonymous_9)
FN:118,(anonymous_10)
FN:123,(anonymous_11)
FN:131,(anonymous_12)
FN:132,(anonymous_13)
FN:137,(anonymous_14)
FN:184,(anonymous_15)
FNF:16
FNH:0
FNDA:0,(anonymous_0)
FNDA:0,(anonymous_1)
FNDA:0,(anonymous_2)
FNDA:0,(anonymous_3)
FNDA:0,(anonymous_4)
FNDA:0,(anonymous_5)
FNDA:0,(anonymous_6)
FNDA:0,(anonymous_7)
FNDA:0,(anonymous_8)
FNDA:0,(anonymous_9)
FNDA:0,(anonymous_10)
FNDA:0,(anonymous_11)
FNDA:0,(anonymous_12)
FNDA:0,(anonymous_13)
FNDA:0,(anonymous_14)
FNDA:0,(anonymous_15)
DA:9,0
DA:14,0
DA:17,0
DA:18,0
DA:19,0
DA:20,0
DA:23,0
DA:24,0
DA:25,0
DA:28,0
DA:29,0
DA:33,0
DA:34,0
DA:37,0
DA:38,0
DA:42,0
DA:43,0
DA:44,0
DA:46,0
DA:47,0
DA:52,0
DA:53,0
DA:54,0
DA:56,0
DA:57,0
DA:62,0
DA:63,0
DA:67,0
DA:68,0
DA:72,0
DA:76,0
DA:77,0
DA:78,0
DA:80,0
DA:81,0
DA:82,0
DA:83,0
DA:84,0
DA:88,0
DA:89,0
DA:93,0
DA:94,0
DA:97,0
DA:98,0
DA:99,0
DA:104,0
DA:105,0
DA:106,0
DA:107,0
DA:111,0
DA:112,0
DA:113,0
DA:116,0
DA:117,0
DA:118,0
DA:123,0
DA:124,0
DA:125,0
DA:126,0
DA:127,0
DA:131,0
DA:132,0
DA:133,0
DA:134,0
DA:137,0
DA:138,0
DA:139,0
DA:141,0
DA:144,0
DA:146,0
DA:147,0
DA:148,0
DA:149,0
DA:150,0
DA:153,0
DA:157,0
DA:162,0
DA:163,0
DA:165,0
DA:184,0
LF:80
LH:0
BRDA:9,0,0,0
BRDA:9,1,0,0
BRDA:9,2,0,0
BRDA:11,3,0,0
BRDA:12,4,0,0
BRDA:13,5,0,0
BRDA:25,6,0,0
BRDA:25,6,1,0
BRDA:28,7,0,0
BRDA:28,7,1,0
BRDA:33,8,0,0
BRDA:33,8,1,0
BRDA:37,9,0,0
BRDA:37,9,1,0
BRDA:37,10,0,0
BRDA:37,10,1,0
BRDA:37,10,2,0
BRDA:37,10,3,0
BRDA:38,11,0,0
BRDA:38,11,1,0
BRDA:42,12,0,0
BRDA:42,12,1,0
BRDA:43,13,0,0
BRDA:43,13,1,0
BRDA:43,14,0,0
BRDA:43,14,1,0
BRDA:44,15,0,0
BRDA:44,15,1,0
BRDA:46,16,0,0
BRDA:46,16,1,0
BRDA:46,17,0,0
BRDA:46,17,1,0
BRDA:47,18,0,0
BRDA:47,18,1,0
BRDA:52,19,0,0
BRDA:52,19,1,0
BRDA:53,20,0,0
BRDA:53,20,1,0
BRDA:53,21,0,0
BRDA:53,21,1,0
BRDA:54,22,0,0
BRDA:54,22,1,0
BRDA:56,23,0,0
BRDA:56,23,1,0
BRDA:56,24,0,0
BRDA:56,24,1,0
BRDA:57,25,0,0
BRDA:57,25,1,0
BRDA:62,26,0,0
BRDA:62,26,1,0
BRDA:62,27,0,0
BRDA:62,27,1,0
BRDA:62,27,2,0
BRDA:63,28,0,0
BRDA:63,28,1,0
BRDA:67,29,0,0
BRDA:67,29,1,0
BRDA:67,30,0,0
BRDA:67,30,1,0
BRDA:82,31,0,0
BRDA:82,31,1,0
BRDA:97,32,0,0
BRDA:97,32,1,0
BRDA:97,33,0,0
BRDA:97,33,1,0
BRDA:106,34,0,0
BRDA:106,34,1,0
BRDA:116,35,0,0
BRDA:116,35,1,0
BRDA:146,36,0,0
BRDA:146,36,1,0
BRDA:149,37,0,0
BRDA:149,37,1,0
BRDA:186,38,0,0
BRDA:186,38,1,0
BRDA:189,39,0,0
BRDA:189,39,1,0
BRF:77
BRH:0
end_of_record
TN:
SF:scripts/ai-docs-generator.js
FN:16,(anonymous_0)
FN:21,(anonymous_1)
FN:44,(anonymous_2)
FN:55,(anonymous_3)
FN:63,(anonymous_4)
FN:80,(anonymous_5)
FN:91,(anonymous_6)
FN:118,(anonymous_7)
FN:154,(anonymous_8)
FN:158,(anonymous_9)
FN:164,(anonymous_10)
FN:169,(anonymous_11)
FN:174,(anonymous_12)
FNF:13
FNH:0
FNDA:0,(anonymous_0)
FNDA:0,(anonymous_1)
FNDA:0,(anonymous_2)
FNDA:0,(anonymous_3)
FNDA:0,(anonymous_4)
FNDA:0,(anonymous_5)
FNDA:0,(anonymous_6)
FNDA:0,(anonymous_7)
FNDA:0,(anonymous_8)
FNDA:0,(anonymous_9)
FNDA:0,(anonymous_10)
FNDA:0,(anonymous_11)
FNDA:0,(anonymous_12)
DA:12,0
DA:13,0
DA:17,0
DA:18,0
DA:22,0
DA:25,0
DA:26,0
DA:30,0
DA:33,0
DA:36,0
DA:39,0
DA:41,0
DA:45,0
DA:52,0
DA:53,0
DA:54,0
DA:55,0
DA:56,0
DA:60,0
DA:64,0
DA:65,0
DA:67,0
DA:76,0
DA:81,0
DA:88,0
DA:92,0
DA:119,0
DA:151,0
DA:155,0
DA:160,0
DA:164,0
DA:166,0
DA:170,0
DA:175,0
DA:177,0
DA:201,0
DA:206,0
DA:207,0
LF:38
LH:0
BRDA:25,0,0,0
BRDA:25,0,1,0
BRDA:53,1,0,0
BRDA:53,1,1,0
BRDA:88,2,0,0
BRDA:88,2,1,0
BRDA:151,3,0,0
BRDA:151,3,1,0
BRF:8
BRH:0
end_of_record
TN:
SF:scripts/ai-test-generator.js
FN:17,(anonymous_0)
FN:22,(anonymous_1)
FN:40,(anonymous_2)
FN:58,(anonymous_3)
FN:66,(anonymous_4)
FN:85,(anonymous_5)
FN:107,(anonymous_6)
FN:122,(anonymous_7)
FN:163,(anonymous_8)
FN:192,(anonymous_9)
FN:267,(anonymous_10)
FNF:11
FNH:0
FNDA:0,(anonymous_0)
FNDA:0,(anonymous_1)
FNDA:0,(anonymous_2)
FNDA:0,(anonymous_3)
FNDA:0,(anonymous_4)
FNDA:0,(anonymous_5)
FNDA:0,(anonymous_6)
FNDA:0,(anonymous_7)
FNDA:0,(anonymous_8)
FNDA:0,(anonymous_9)
FNDA:0,(anonymous_10)
DA:13,0
DA:14,0
DA:18,0
DA:19,0
DA:23,0
DA:25,0
DA:29,0
DA:30,0
DA:31,0
DA:33,0
DA:37,0
DA:41,0
DA:42,0
DA:49,0
DA:50,0
DA:52,0
DA:53,0
DA:54,0
DA:58,0
DA:59,0
DA:67,0
DA:68,0
DA:70,0
DA:71,0
DA:72,0
DA:74,0
DA:75,0
DA:76,0
DA:77,0
DA:78,0
DA:82,0
DA:86,0
DA:89,0
DA:92,0
DA:95,0
DA:97,0
DA:98,0
DA:102,0
DA:104,0
DA:108,0
DA:110,0
DA:111,0
DA:112,0
DA:114,0
DA:115,0
DA:116,0
DA:119,0
DA:123,0
DA:124,0
DA:128,0
DA:130,0
DA:137,0
DA:146,0
DA:149,0
DA:157,0
DA:160,0
DA:164,0
DA:167,0
DA:175,0
DA:176,0
DA:178,0
DA:179,0
DA:184,0
DA:187,0
DA:189,0
DA:193,0
DA:219,0
DA:226,0
DA:260,0
DA:261,0
DA:268,0
DA:345,0
DA:353,0
DA:354,0
DA:356,0
DA:357,0
DA:359,0
DA:360,0
DA:362,0
LF:79
LH:0
BRDA:22,0,0,0
BRDA:25,1,0,0
BRDA:25,1,1,0
BRDA:52,2,0,0
BRDA:52,2,1,0
BRDA:59,3,0,0
BRDA:59,3,1,0
BRDA:59,3,2,0
BRDA:59,3,3,0
BRDA:74,4,0,0
BRDA:74,4,1,0
BRDA:77,5,0,0
BRDA:77,5,1,0
BRDA:97,6,0,0
BRDA:97,6,1,0
BRDA:110,7,0,0
BRDA:110,7,1,0
BRDA:114,8,0,0
BRDA:114,8,1,0
BRDA:115,9,0,0
BRDA:115,9,1,0
BRDA:116,10,0,0
BRDA:116,10,1,0
BRDA:128,11,0,0
BRDA:128,11,1,0
BRDA:178,12,0,0
BRDA:178,12,1,0
BRDA:353,13,0,0
BRDA:353,13,1,0
BRDA:359,14,0,0
BRDA:359,14,1,0
BRF:31
BRH:0
end_of_record
TN:
SF:scripts/deploy-manager.js
FN:14,(anonymous_0)
FN:32,(anonymous_1)
FN:89,(anonymous_2)
FN:139,(anonymous_3)
FN:162,(anonymous_4)
FN:191,(anonymous_5)
FN:214,(anonymous_6)
FN:236,(anonymous_7)
FN:256,(anonymous_8)
FN:295,(anonymous_9)
FN:344,(anonymous_10)
FN:376,(anonymous_11)
FN:388,(anonymous_12)
FN:401,(anonymous_13)
FN:402,(anonymous_14)
FN:408,(anonymous_15)
FN:419,(anonymous_16)
FNF:17
FNH:0
FNDA:0,(anonymous_0)
FNDA:0,(anonymous_1)
FNDA:0,(anonymous_2)
FNDA:0,(anonymous_3)
FNDA:0,(anonymous_4)
FNDA:0,(anonymous_5)
FNDA:0,(anonymous_6)
FNDA:0,(anonymous_7)
FNDA:0,(anonymous_8)
FNDA:0,(anonymous_9)
FNDA:0,(anonymous_10)
FNDA:0,(anonymous_11)
FNDA:0,(anonymous_12)
FNDA:0,(anonymous_13)
FNDA:0,(anonymous_14)
FNDA:0,(anonymous_15)
FNDA:0,(anonymous_16)
DA:11,0
DA:15,0
DA:25,0
DA:26,0
DA:33,0
DA:34,0
DA:35,0
DA:42,0
DA:45,0
DA:48,0
DA:49,0
DA:53,0
DA:54,0
DA:58,0
DA:61,0
DA:63,0
DA:64,0
DA:66,0
DA:74,0
DA:75,0
DA:78,0
DA:79,0
DA:82,0
DA:90,0
DA:93,0
DA:94,0
DA:95,0
DA:96,0
DA:99,0
DA:103,0
DA:104,0
DA:105,0
DA:106,0
DA:107,0
DA:110,0
DA:115,0
DA:116,0
DA:117,0
DA:118,0
DA:123,0
DA:124,0
DA:125,0
DA:126,0
DA:127,0
DA:132,0
DA:133,0
DA:140,0
DA:142,0
DA:143,0
DA:144,0
DA:146,0
DA:147,0
DA:150,0
DA:151,0
DA:153,0
DA:154,0
DA:155,0
DA:163,0
DA:165,0
DA:166,0
DA:167,0
DA:169,0
DA:170,0
DA:173,0
DA:174,0
DA:177,0
DA:178,0
DA:179,0
DA:181,0
DA:182,0
DA:183,0
DA:192,0
DA:194,0
DA:196,0
DA:197,0
DA:199,0
DA:200,0
DA:202,0
DA:203,0
DA:205,0
DA:208,0
DA:215,0
DA:217,0
DA:219,0
DA:220,0
DA:223,0
DA:224,0
DA:225,0
DA:226,0
DA:228,0
DA:237,0
DA:239,0
DA:241,0
DA:242,0
DA:245,0
DA:247,0
DA:249,0
DA:257,0
DA:259,0
DA:260,0
DA:263,0
DA:264,0
DA:265,0
DA:266,0
DA:270,0
DA:271,0
DA:273,0
DA:274,0
DA:277,0
DA:278,0
DA:279,0
DA:280,0
DA:284,0
DA:286,0
DA:288,0
DA:296,0
DA:298,0
DA:300,0
DA:303,0
DA:304,0
DA:305,0
DA:306,0
DA:307,0
DA:311,0
DA:312,0
DA:313,0
DA:314,0
DA:316,0
DA:318,0
DA:322,0
DA:323,0
DA:324,0
DA:325,0
DA:327,0
DA:330,0
DA:333,0
DA:334,0
DA:336,0
DA:337,0
DA:345,0
DA:347,0
DA:349,0
DA:351,0
DA:352,0
DA:356,0
DA:357,0
DA:359,0
DA:360,0
DA:362,0
DA:367,0
DA:368,0
DA:369,0
DA:377,0
DA:378,0
DA:379,0
DA:381,0
DA:389,0
DA:390,0
DA:391,0
DA:392,0
DA:394,0
DA:402,0
DA:409,0
DA:413,0
DA:420,0
DA:422,0
DA:423,0
DA:424,0
DA:425,0
DA:426,0
DA:428,0
DA:429,0
DA:431,0
DA:435,0
DA:440,0
DA:441,0
DA:442,0
DA:443,0
DA:445,0
DA:447,0
DA:448,0
DA:450,0
DA:456,0
DA:459,0
DA:460,0
DA:463,0
DA:464,0
DA:465,0
DA:468,0
DA:486,0
DA:487,0
LF:191
LH:0
BRDA:14,0,0,0
BRDA:25,1,0,0
BRDA:25,1,1,0
BRDA:32,2,0,0
BRDA:32,3,0,0
BRDA:38,4,0,0
BRDA:39,5,0,0
BRDA:40,6,0,0
BRDA:41,7,0,0
BRDA:48,8,0,0
BRDA:48,8,1,0
BRDA:53,9,0,0
BRDA:53,9,1,0
BRDA:78,10,0,0
BRDA:78,10,1,0
BRDA:78,11,0,0
BRDA:78,11,1,0
BRDA:95,12,0,0
BRDA:95,12,1,0
BRDA:95,13,0,0
BRDA:95,13,1,0
BRDA:103,14,0,0
BRDA:103,14,1,0
BRDA:106,15,0,0
BRDA:106,15,1,0
BRDA:106,16,0,0
BRDA:106,16,1,0
BRDA:117,17,0,0
BRDA:117,17,1,0
BRDA:123,18,0,0
BRDA:123,18,1,0
BRDA:126,19,0,0
BRDA:126,19,1,0
BRDA:146,20,0,0
BRDA:146,20,1,0
BRDA:146,21,0,0
BRDA:146,21,1,0
BRDA:169,22,0,0
BRDA:169,22,1,0
BRDA:177,23,0,0
BRDA:177,23,1,0
BRDA:191,24,0,0
BRDA:194,25,0,0
BRDA:194,25,1,0
BRDA:194,25,2,0
BRDA:194,25,3,0
BRDA:214,26,0,0
BRDA:236,27,0,0
BRDA:256,28,0,0
BRDA:260,29,0,0
BRDA:263,30,0,0
BRDA:263,30,1,0
BRDA:263,31,0,0
BRDA:263,31,1,0
BRDA:277,32,0,0
BRDA:277,32,1,0
BRDA:304,33,0,0
BRDA:304,33,1,0
BRDA:305,34,0,0
BRDA:305,34,1,0
BRDA:306,35,0,0
BRDA:306,35,1,0
BRDA:307,36,0,0
BRDA:307,36,1,0
BRDA:313,37,0,0
BRDA:313,37,1,0
BRDA:324,38,0,0
BRDA:324,38,1,0
BRDA:324,39,0,0
BRDA:324,39,1,0
BRDA:351,40,0,0
BRDA:351,40,1,0
BRDA:379,41,0,0
BRDA:379,41,1,0
BRDA:392,42,0,0
BRDA:392,42,1,0
BRDA:425,43,0,0
BRDA:425,43,1,0
BRDA:426,44,0,0
BRDA:426,44,1,0
BRDA:426,45,0,0
BRDA:426,45,1,0
BRDA:429,46,0,0
BRDA:429,46,1,0
BRDA:440,47,0,0
BRDA:440,47,1,0
BRDA:443,48,0,0
BRDA:443,48,1,0
BRDA:448,49,0,0
BRDA:448,49,1,0
BRDA:448,49,2,0
BRDA:448,49,3,0
BRF:92
BRH:0
end_of_record
TN:
SF:scripts/health-check.js
FN:16,(anonymous_0)
FN:21,(anonymous_1)
FN:39,(anonymous_2)
FN:49,(anonymous_3)
FN:63,(anonymous_4)
FN:76,(anonymous_5)
FN:86,(anonymous_6)
FN:90,(anonymous_7)
FN:93,(anonymous_8)
FN:101,(anonymous_9)
FN:106,(anonymous_10)
FN:107,(anonymous_11)
FNF:12
FNH:0
FNDA:0,(anonymous_0)
FNDA:0,(anonymous_1)
FNDA:0,(anonymous_2)
FNDA:0,(anonymous_3)
FNDA:0,(anonymous_4)
FNDA:0,(anonymous_5)
FNDA:0,(anonymous_6)
FNDA:0,(anonymous_7)
FNDA:0,(anonymous_8)
FNDA:0,(anonymous_9)
FNDA:0,(anonymous_10)
FNDA:0,(anonymous_11)
DA:12,0
DA:13,0
DA:17,0
DA:18,0
DA:22,0
DA:25,0
DA:28,0
DA:31,0
DA:34,0
DA:36,0
DA:40,0
DA:42,0
DA:43,0
DA:45,0
DA:50,0
DA:51,0
DA:53,0
DA:54,0
DA:55,0
DA:56,0
DA:58,0
DA:64,0
DA:66,0
DA:67,0
DA:68,0
DA:70,0
DA:72,0
DA:77,0
DA:79,0
DA:80,0
DA:82,0
DA:87,0
DA:91,0
DA:93,0
DA:94,0
DA:95,0
DA:96,0
DA:99,0
DA:100,0
DA:101,0
DA:102,0
DA:106,0
DA:107,0
DA:109,0
DA:111,0
DA:112,0
DA:113,0
DA:114,0
DA:116,0
DA:119,0
DA:127,0
DA:128,0
LF:52
LH:0
BRDA:42,0,0,0
BRDA:42,0,1,0
BRDA:55,1,0,0
BRDA:55,1,1,0
BRDA:66,2,0,0
BRDA:66,2,1,0
BRDA:68,3,0,0
BRDA:68,3,1,0
BRDA:79,4,0,0
BRDA:79,4,1,0
BRDA:94,5,0,0
BRDA:94,5,1,0
BRDA:111,6,0,0
BRDA:111,6,1,0
BRDA:113,7,0,0
BRDA:113,7,1,0
BRF:16
BRH:0
end_of_record
TN:
SF:scripts/migrate.js
FN:12,runMigrations
FNF:1
FNH:0
FNDA:0,runMigrations
DA:10,0
DA:13,0
DA:14,0
DA:17,0
DA:20,0
DA:23,0
DA:24,0
DA:25,0
DA:28,0
DA:39,0
DA:42,0
DA:43,0
DA:46,0
DA:47,0
DA:52,0
DA:53,0
LF:16
LH:0
BRDA:24,0,0,0
BRDA:24,0,1,0
BRDA:52,1,0,0
BRDA:52,1,1,0
BRF:4
BRH:0
end_of_record
TN:
SF:scripts/security-checker.js
FN:16,(anonymous_0)
FN:22,(anonymous_1)
FN:42,(anonymous_2)
FN:44,(anonymous_3)
FN:45,(anonymous_4)
FN:46,(anonymous_5)
FN:47,(anonymous_6)
FN:48,(anonymous_7)
FN:49,(anonymous_8)
FN:50,(anonymous_9)
FN:51,(anonymous_10)
FN:52,(anonymous_11)
FN:53,(anonymous_12)
FN:54,(anonymous_13)
FN:55,(anonymous_14)
FN:59,(anonymous_15)
FN:91,(anonymous_16)
FN:117,(anonymous_17)
FN:140,(anonymous_18)
FN:173,(anonymous_19)
FN:191,(anonymous_20)
FN:209,(anonymous_21)
FN:223,(anonymous_22)
FN:251,(anonymous_23)
FN:264,(anonymous_24)
FN:279,(anonymous_25)
FN:304,(anonymous_26)
FN:334,(anonymous_27)
FN:338,(anonymous_28)
FN:342,(anonymous_29)
FN:346,(anonymous_30)
FN:350,(anonymous_31)
FN:362,(anonymous_32)
FN:386,(anonymous_33)
FN:395,(anonymous_34)
FN:401,(anonymous_35)
FN:417,(anonymous_36)
FN:463,(anonymous_37)
FNF:38
FNH:0
FNDA:0,(anonymous_0)
FNDA:0,(anonymous_1)
FNDA:0,(anonymous_2)
FNDA:0,(anonymous_3)
FNDA:0,(anonymous_4)
FNDA:0,(anonymous_5)
FNDA:0,(anonymous_6)
FNDA:0,(anonymous_7)
FNDA:0,(anonymous_8)
FNDA:0,(anonymous_9)
FNDA:0,(anonymous_10)
FNDA:0,(anonymous_11)
FNDA:0,(anonymous_12)
FNDA:0,(anonymous_13)
FNDA:0,(anonymous_14)
FNDA:0,(anonymous_15)
FNDA:0,(anonymous_16)
FNDA:0,(anonymous_17)
FNDA:0,(anonymous_18)
FNDA:0,(anonymous_19)
FNDA:0,(anonymous_20)
FNDA:0,(anonymous_21)
FNDA:0,(anonymous_22)
FNDA:0,(anonymous_23)
FNDA:0,(anonymous_24)
FNDA:0,(anonymous_25)
FNDA:0,(anonymous_26)
FNDA:0,(anonymous_27)
FNDA:0,(anonymous_28)
FNDA:0,(anonymous_29)
FNDA:0,(anonymous_30)
FNDA:0,(anonymous_31)
FNDA:0,(anonymous_32)
FNDA:0,(anonymous_33)
FNDA:0,(anonymous_34)
FNDA:0,(anonymous_35)
FNDA:0,(anonymous_36)
FNDA:0,(anonymous_37)
DA:12,0
DA:13,0
DA:17,0
DA:18,0
DA:19,0
DA:23,0
DA:26,0
DA:29,0
DA:30,0
DA:31,0
DA:32,0
DA:34,0
DA:39,0
DA:43,0
DA:44,0
DA:45,0
DA:46,0
DA:47,0
DA:48,0
DA:49,0
DA:50,0
DA:51,0
DA:52,0
DA:53,0
DA:54,0
DA:55,0
DA:61,0
DA:62,0
DA:64,0
DA:65,0
DA:67,0
DA:68,0
DA:70,0
DA:71,0
DA:72,0
DA:76,0
DA:80,0
DA:81,0
DA:82,0
DA:84,0
DA:86,0
DA:92,0
DA:100,0
DA:102,0
DA:103,0
DA:105,0
DA:106,0
DA:108,0
DA:109,0
DA:110,0
DA:118,0
DA:120,0
DA:121,0
DA:122,0
DA:125,0
DA:132,0
DA:133,0
DA:134,0
DA:142,0
DA:149,0
DA:151,0
DA:152,0
DA:154,0
DA:155,0
DA:157,0
DA:158,0
DA:161,0
DA:162,0
DA:168,0
DA:169,0
DA:174,0
DA:176,0
DA:177,0
DA:180,0
DA:182,0
DA:184,0
DA:185,0
DA:192,0
DA:194,0
DA:196,0
DA:197,0
DA:199,0
DA:200,0
DA:204,0
DA:205,0
DA:210,0
DA:212,0
DA:213,0
DA:215,0
DA:216,0
DA:219,0
DA:225,0
DA:232,0
DA:234,0
DA:235,0
DA:237,0
DA:238,0
DA:240,0
DA:241,0
DA:246,0
DA:247,0
DA:252,0
DA:254,0
DA:255,0
DA:258,0
DA:259,0
DA:265,0
DA:267,0
DA:268,0
DA:271,0
DA:272,0
DA:273,0
DA:280,0
DA:282,0
DA:283,0
DA:285,0
DA:286,0
DA:288,0
DA:289,0
DA:291,0
DA:292,0
DA:297,0
DA:298,0
DA:299,0
DA:300,0
DA:305,0
DA:307,0
DA:316,0
DA:317,0
DA:319,0
DA:320,0
DA:322,0
DA:323,0
DA:324,0
DA:325,0
DA:335,0
DA:339,0
DA:343,0
DA:347,0
DA:351,0
DA:353,0
DA:355,0
DA:356,0
DA:359,0
DA:363,0
DA:365,0
DA:366,0
DA:368,0
DA:369,0
DA:370,0
DA:372,0
DA:373,0
DA:374,0
DA:375,0
DA:376,0
DA:383,0
DA:387,0
DA:396,0
DA:397,0
DA:398,0
DA:401,0
DA:402,0
DA:403,0
DA:404,0
DA:407,0
DA:408,0
DA:409,0
DA:411,0
DA:412,0
DA:414,0
DA:415,0
DA:417,0
DA:418,0
DA:424,0
DA:425,0
DA:426,0
DA:427,0
DA:429,0
DA:430,0
DA:431,0
DA:432,0
DA:433,0
DA:434,0
DA:437,0
DA:438,0
DA:439,0
DA:445,0
DA:447,0
DA:448,0
DA:449,0
DA:450,0
DA:451,0
DA:452,0
DA:454,0
DA:457,0
DA:460,0
DA:464,0
DA:476,0
DA:477,0
DA:479,0
DA:480,0
DA:482,0
DA:487,0
DA:488,0
DA:489,0
LF:205
LH:0
BRDA:64,0,0,0
BRDA:64,0,1,0
BRDA:67,1,0,0
BRDA:67,1,1,0
BRDA:67,2,0,0
BRDA:67,2,1,0
BRDA:71,3,0,0
BRDA:71,3,1,0
BRDA:71,4,0,0
BRDA:71,4,1,0
BRDA:81,5,0,0
BRDA:81,5,1,0
BRDA:84,6,0,0
BRDA:84,6,1,0
BRDA:84,7,0,0
BRDA:84,7,1,0
BRDA:102,8,0,0
BRDA:102,8,1,0
BRDA:106,9,0,0
BRDA:106,9,1,0
BRDA:106,10,0,0
BRDA:106,10,1,0
BRDA:109,11,0,0
BRDA:109,11,1,0
BRDA:109,12,0,0
BRDA:109,12,1,0
BRDA:109,12,2,0
BRDA:109,12,3,0
BRDA:120,13,0,0
BRDA:120,13,1,0
BRDA:133,14,0,0
BRDA:133,14,1,0
BRDA:154,15,0,0
BRDA:154,15,1,0
BRDA:157,16,0,0
BRDA:157,16,1,0
BRDA:161,17,0,0
BRDA:161,17,1,0
BRDA:161,18,0,0
BRDA:161,18,1,0
BRDA:168,19,0,0
BRDA:168,19,1,0
BRDA:180,20,0,0
BRDA:180,20,1,0
BRDA:182,21,0,0
BRDA:182,21,1,0
BRDA:184,22,0,0
BRDA:184,22,1,0
BRDA:184,23,0,0
BRDA:184,23,1,0
BRDA:184,23,2,0
BRDA:199,24,0,0
BRDA:199,24,1,0
BRDA:199,25,0,0
BRDA:199,25,1,0
BRDA:204,26,0,0
BRDA:204,26,1,0
BRDA:212,27,0,0
BRDA:212,27,1,0
BRDA:215,28,0,0
BRDA:215,28,1,0
BRDA:215,29,0,0
BRDA:215,29,1,0
BRDA:237,30,0,0
BRDA:237,30,1,0
BRDA:240,31,0,0
BRDA:240,31,1,0
BRDA:240,32,0,0
BRDA:240,32,1,0
BRDA:240,32,2,0
BRDA:246,33,0,0
BRDA:246,33,1,0
BRDA:258,34,0,0
BRDA:258,34,1,0
BRDA:258,35,0,0
BRDA:258,35,1,0
BRDA:271,36,0,0
BRDA:271,36,1,0
BRDA:271,37,0,0
BRDA:271,37,1,0
BRDA:272,38,0,0
BRDA:272,38,1,0
BRDA:272,39,0,0
BRDA:272,39,1,0
BRDA:288,40,0,0
BRDA:288,40,1,0
BRDA:291,41,0,0
BRDA:291,41,1,0
BRDA:291,42,0,0
BRDA:291,42,1,0
BRDA:297,43,0,0
BRDA:297,43,1,0
BRDA:299,44,0,0
BRDA:299,44,1,0
BRDA:317,45,0,0
BRDA:317,45,1,0
BRDA:317,46,0,0
BRDA:317,46,1,0
BRDA:323,47,0,0
BRDA:323,47,1,0
BRDA:372,48,0,0
BRDA:372,48,1,0
BRDA:372,49,0,0
BRDA:372,49,1,0
BRDA:372,49,2,0
BRDA:375,50,0,0
BRDA:375,50,1,0
BRDA:375,51,0,0
BRDA:375,51,1,0
BRDA:402,52,0,0
BRDA:402,52,1,0
BRDA:412,53,0,0
BRDA:412,53,1,0
BRDA:414,54,0,0
BRDA:414,54,1,0
BRDA:425,55,0,0
BRDA:425,55,1,0
BRDA:426,56,0,0
BRDA:426,56,1,0
BRDA:427,57,0,0
BRDA:427,57,1,0
BRDA:447,58,0,0
BRDA:447,58,1,0
BRDA:449,59,0,0
BRDA:449,59,1,0
BRDA:451,60,0,0
BRDA:451,60,1,0
BRDA:469,61,0,0
BRDA:469,61,1,0
BRDA:470,62,0,0
BRDA:470,62,1,0
BRDA:471,63,0,0
BRDA:471,63,1,0
BRDA:487,64,0,0
BRDA:487,64,1,0
BRF:135
BRH:0
end_of_record
TN:
SF:utils/api.js
FN:8,(anonymous_0)
FN:21,(anonymous_1)
FN:25,(anonymous_2)
FN:30,(anonymous_3)
FN:67,(anonymous_4)
FN:73,(anonymous_5)
FN:80,(anonymous_6)
FN:87,(anonymous_7)
FN:94,(anonymous_8)
FN:99,(anonymous_9)
FN:103,(anonymous_10)
FN:107,(anonymous_11)
FN:115,(anonymous_12)
FN:123,(anonymous_13)
FN:130,(anonymous_14)
FN:143,(anonymous_15)
FN:152,(anonymous_16)
FN:164,(anonymous_17)
FN:170,(anonymous_18)
FN:173,(anonymous_19)
FN:174,(anonymous_20)
FN:181,(anonymous_21)
FN:186,(anonymous_22)
FN:198,(anonymous_23)
FN:205,(anonymous_24)
FN:211,(anonymous_25)
FN:213,(anonymous_26)
FN:215,(anonymous_27)
FN:216,(anonymous_28)
FN:222,(anonymous_29)
FN:224,(anonymous_30)
FN:228,(anonymous_31)
FN:234,(anonymous_32)
FN:237,(anonymous_33)
FN:240,(anonymous_34)
FN:251,(anonymous_35)
FNF:36
FNH:0
FNDA:0,(anonymous_0)
FNDA:0,(anonymous_1)
FNDA:0,(anonymous_2)
FNDA:0,(anonymous_3)
FNDA:0,(anonymous_4)
FNDA:0,(anonymous_5)
FNDA:0,(anonymous_6)
FNDA:0,(anonymous_7)
FNDA:0,(anonymous_8)
FNDA:0,(anonymous_9)
FNDA:0,(anonymous_10)
FNDA:0,(anonymous_11)
FNDA:0,(anonymous_12)
FNDA:0,(anonymous_13)
FNDA:0,(anonymous_14)
FNDA:0,(anonymous_15)
FNDA:0,(anonymous_16)
FNDA:0,(anonymous_17)
FNDA:0,(anonymous_18)
FNDA:0,(anonymous_19)
FNDA:0,(anonymous_20)
FNDA:0,(anonymous_21)
FNDA:0,(anonymous_22)
FNDA:0,(anonymous_23)
FNDA:0,(anonymous_24)
FNDA:0,(anonymous_25)
FNDA:0,(anonymous_26)
FNDA:0,(anonymous_27)
FNDA:0,(anonymous_28)
FNDA:0,(anonymous_29)
FNDA:0,(anonymous_30)
FNDA:0,(anonymous_31)
FNDA:0,(anonymous_32)
FNDA:0,(anonymous_33)
FNDA:0,(anonymous_34)
FNDA:0,(anonymous_35)
DA:9,0
DA:10,0
DA:14,0
DA:22,0
DA:26,0
DA:31,0
DA:32,0
DA:38,0
DA:39,0
DA:42,0
DA:43,0
DA:46,0
DA:47,0
DA:50,0
DA:51,0
DA:54,0
DA:55,0
DA:56,0
DA:59,0
DA:61,0
DA:62,0
DA:68,0
DA:69,0
DA:70,0
DA:74,0
DA:81,0
DA:88,0
DA:95,0
DA:100,0
DA:101,0
DA:103,0
DA:104,0
DA:106,0
DA:107,0
DA:108,0
DA:109,0
DA:110,0
DA:115,0
DA:116,0
DA:117,0
DA:119,0
DA:123,0
DA:124,0
DA:127,0
DA:130,0
DA:131,0
DA:132,0
DA:136,0
DA:144,0
DA:145,0
DA:146,0
DA:147,0
DA:152,0
DA:153,0
DA:154,0
DA:155,0
DA:157,0
DA:160,0
DA:161,0
DA:164,0
DA:170,0
DA:171,0
DA:174,0
DA:182,0
DA:183,0
DA:187,0
DA:188,0
DA:190,0
DA:191,0
DA:192,0
DA:195,0
DA:199,0
DA:206,0
DA:211,0
DA:213,0
DA:214,0
DA:215,0
DA:216,0
DA:222,0
DA:224,0
DA:225,0
DA:226,0
DA:227,0
DA:228,0
DA:234,0
DA:235,0
DA:237,0
DA:238,0
DA:239,0
DA:240,0
DA:242,0
DA:247,0
DA:251,0
DA:252,0
DA:253,0
DA:255,0
DA:256,0
DA:257,0
DA:258,0
DA:259,0
DA:260,0
DA:261,0
LF:102
LH:0
BRDA:8,0,0,0
BRDA:30,1,0,0
BRDA:50,2,0,0
BRDA:50,2,1,0
BRDA:55,3,0,0
BRDA:55,3,1,0
BRDA:55,4,0,0
BRDA:55,4,1,0
BRDA:61,5,0,0
BRDA:61,5,1,0
BRDA:67,6,0,0
BRDA:69,7,0,0
BRDA:69,7,1,0
BRDA:73,8,0,0
BRDA:80,9,0,0
BRDA:87,10,0,0
BRDA:106,11,0,0
BRDA:106,11,1,0
BRDA:108,12,0,0
BRDA:108,12,1,0
BRDA:116,13,0,0
BRDA:116,13,1,0
BRDA:116,14,0,0
BRDA:116,14,1,0
BRDA:131,15,0,0
BRDA:131,15,1,0
BRDA:152,16,0,0
BRDA:152,17,0,0
BRDA:157,18,0,0
BRDA:157,18,1,0
BRDA:160,19,0,0
BRDA:160,19,1,0
BRDA:160,20,0,0
BRDA:160,20,1,0
BRDA:160,20,2,0
BRDA:170,21,0,0
BRDA:181,22,0,0
BRDA:188,23,0,0
BRDA:188,23,1,0
BRDA:190,24,0,0
BRDA:190,24,1,0
BRDA:211,25,0,0
BRDA:222,26,0,0
BRDA:225,27,0,0
BRDA:225,27,1,0
BRDA:238,28,0,0
BRDA:238,28,1,0
BRDA:238,29,0,0
BRDA:238,29,1,0
BRDA:239,30,0,0
BRDA:239,30,1,0
BRF:51
BRH:0
end_of_record
TN:
SF:utils/constants.js
FNF:0
FNH:0
DA:7,0
DA:21,0
DA:31,0
DA:39,0
DA:46,0
DA:58,0
DA:68,0
DA:76,0
DA:84,0
DA:102,0
DA:114,0
DA:122,0
DA:130,0
DA:140,0
DA:150,0
DA:160,0
DA:167,0
DA:174,0
DA:181,0
DA:188,0
DA:195,0
LF:21
LH:0
BRF:0
BRH:0
end_of_record
TN:
SF:utils/formatters.js
FN:7,(anonymous_0)
FN:15,(anonymous_1)
FN:39,(anonymous_2)
FN:58,(anonymous_3)
FN:63,(anonymous_4)
FN:76,(anonymous_5)
FN:82,(anonymous_6)
FN:88,(anonymous_7)
FN:94,(anonymous_8)
FN:107,(anonymous_9)
FN:111,(anonymous_10)
FN:116,(anonymous_11)
FN:122,(anonymous_12)
FNF:13
FNH:0
FNDA:0,(anonymous_0)
FNDA:0,(anonymous_1)
FNDA:0,(anonymous_2)
FNDA:0,(anonymous_3)
FNDA:0,(anonymous_4)
FNDA:0,(anonymous_5)
FNDA:0,(anonymous_6)
FNDA:0,(anonymous_7)
FNDA:0,(anonymous_8)
FNDA:0,(anonymous_9)
FNDA:0,(anonymous_10)
FNDA:0,(anonymous_11)
FNDA:0,(anonymous_12)
DA:7,0
DA:8,0
DA:15,0
DA:16,0
DA:18,0
DA:20,0
DA:27,0
DA:34,0
DA:39,0
DA:40,0
DA:41,0
DA:42,0
DA:44,0
DA:46,0
DA:47,0
DA:48,0
DA:49,0
DA:50,0
DA:51,0
DA:53,0
DA:58,0
DA:59,0
DA:63,0
DA:64,0
DA:66,0
DA:67,0
DA:68,0
DA:69,0
DA:72,0
DA:76,0
DA:77,0
DA:78,0
DA:82,0
DA:83,0
DA:84,0
DA:88,0
DA:89,0
DA:90,0
DA:94,0
DA:95,0
DA:97,0
DA:98,0
DA:99,0
DA:101,0
DA:103,0
DA:107,0
DA:108,0
DA:111,0
DA:116,0
DA:117,0
DA:118,0
DA:122,0
DA:123,0
LF:53
LH:0
BRDA:7,0,0,0
BRDA:7,1,0,0
BRDA:15,2,0,0
BRDA:15,3,0,0
BRDA:18,4,0,0
BRDA:18,4,1,0
BRDA:18,4,2,0
BRDA:18,4,3,0
BRDA:39,5,0,0
BRDA:46,6,0,0
BRDA:46,6,1,0
BRDA:48,7,0,0
BRDA:48,7,1,0
BRDA:50,8,0,0
BRDA:50,8,1,0
BRDA:58,9,0,0
BRDA:58,10,0,0
BRDA:66,11,0,0
BRDA:66,11,1,0
BRDA:68,12,0,0
BRDA:68,12,1,0
BRDA:94,13,0,0
BRDA:95,14,0,0
BRDA:95,14,1,0
BRDA:98,15,0,0
BRDA:98,15,1,0
BRDA:116,16,0,0
BRDA:117,17,0,0
BRDA:117,17,1,0
BRF:29
BRH:0
end_of_record
TN:
SF:utils/index.js
FNF:0
FNH:0
LF:0
LH:0
BRF:0
BRH:0
end_of_record
TN:
SF:utils/types.js
FN:7,(anonymous_0)
FN:8,(anonymous_1)
FN:9,(anonymous_2)
FN:10,(anonymous_3)
FN:11,(anonymous_4)
FN:12,(anonymous_5)
FN:13,(anonymous_6)
FN:14,(anonymous_7)
FN:15,(anonymous_8)
FN:16,(anonymous_9)
FN:24,(anonymous_10)
FN:29,(anonymous_11)
FN:39,(anonymous_12)
FN:45,(anonymous_13)
FN:49,(anonymous_14)
FN:54,(anonymous_15)
FN:59,(anonymous_16)
FN:68,(anonymous_17)
FN:77,(anonymous_18)
FN:88,(anonymous_19)
FN:94,(anonymous_20)
FN:104,(anonymous_21)
FN:107,(anonymous_22)
FN:110,(anonymous_23)
FN:118,(anonymous_24)
FN:136,(anonymous_25)
FN:138,(anonymous_26)
FN:146,(anonymous_27)
FN:148,(anonymous_28)
FN:154,(anonymous_29)
FN:155,(anonymous_30)
FN:169,(anonymous_31)
FN:171,(anonymous_32)
FN:172,(anonymous_33)
FN:182,(anonymous_34)
FN:183,(anonymous_35)
FN:193,(anonymous_36)
FN:202,(anonymous_37)
FN:207,(anonymous_38)
FN:210,(anonymous_39)
FN:216,(anonymous_40)
FN:224,(anonymous_41)
FN:233,(anonymous_42)
FN:235,(anonymous_43)
FN:246,(anonymous_44)
FN:249,(anonymous_45)
FNF:46
FNH:0
FNDA:0,(anonymous_0)
FNDA:0,(anonymous_1)
FNDA:0,(anonymous_2)
FNDA:0,(anonymous_3)
FNDA:0,(anonymous_4)
FNDA:0,(anonymous_5)
FNDA:0,(anonymous_6)
FNDA:0,(anonymous_7)
FNDA:0,(anonymous_8)
FNDA:0,(anonymous_9)
FNDA:0,(anonymous_10)
FNDA:0,(anonymous_11)
FNDA:0,(anonymous_12)
FNDA:0,(anonymous_13)
FNDA:0,(anonymous_14)
FNDA:0,(anonymous_15)
FNDA:0,(anonymous_16)
FNDA:0,(anonymous_17)
FNDA:0,(anonymous_18)
FNDA:0,(anonymous_19)
FNDA:0,(anonymous_20)
FNDA:0,(anonymous_21)
FNDA:0,(anonymous_22)
FNDA:0,(anonymous_23)
FNDA:0,(anonymous_24)
FNDA:0,(anonymous_25)
FNDA:0,(anonymous_26)
FNDA:0,(anonymous_27)
FNDA:0,(anonymous_28)
FNDA:0,(anonymous_29)
FNDA:0,(anonymous_30)
FNDA:0,(anonymous_31)
FNDA:0,(anonymous_32)
FNDA:0,(anonymous_33)
FNDA:0,(anonymous_34)
FNDA:0,(anonymous_35)
FNDA:0,(anonymous_36)
FNDA:0,(anonymous_37)
FNDA:0,(anonymous_38)
FNDA:0,(anonymous_39)
FNDA:0,(anonymous_40)
FNDA:0,(anonymous_41)
FNDA:0,(anonymous_42)
FNDA:0,(anonymous_43)
FNDA:0,(anonymous_44)
FNDA:0,(anonymous_45)
DA:7,0
DA:8,0
DA:9,0
DA:10,0
DA:11,0
DA:12,0
DA:13,0
DA:14,0
DA:15,0
DA:16,0
DA:17,0
DA:18,0
DA:19,0
DA:20,0
DA:24,0
DA:25,0
DA:26,0
DA:29,0
DA:30,0
DA:31,0
DA:32,0
DA:33,0
DA:35,0
DA:39,0
DA:40,0
DA:41,0
DA:42,0
DA:45,0
DA:46,0
DA:49,0
DA:50,0
DA:54,0
DA:55,0
DA:56,0
DA:59,0
DA:60,0
DA:61,0
DA:62,0
DA:63,0
DA:65,0
DA:68,0
DA:69,0
DA:70,0
DA:71,0
DA:72,0
DA:74,0
DA:77,0
DA:78,0
DA:79,0
DA:80,0
DA:81,0
DA:82,0
DA:84,0
DA:85,0
DA:88,0
DA:89,0
DA:90,0
DA:91,0
DA:94,0
DA:95,0
DA:96,0
DA:97,0
DA:98,0
DA:100,0
DA:104,0
DA:105,0
DA:106,0
DA:107,0
DA:108,0
DA:109,0
DA:110,0
DA:111,0
DA:113,0
DA:115,0
DA:118,0
DA:119,0
DA:120,0
DA:122,0
DA:123,0
DA:124,0
DA:125,0
DA:126,0
DA:128,0
DA:133,0
DA:136,0
DA:137,0
DA:138,0
DA:139,0
DA:140,0
DA:143,0
DA:146,0
DA:147,0
DA:148,0
DA:149,0
DA:151,0
DA:154,0
DA:155,0
DA:156,0
DA:157,0
DA:159,0
DA:160,0
DA:162,0
DA:165,0
DA:169,0
DA:171,0
DA:172,0
DA:173,0
DA:174,0
DA:175,0
DA:177,0
DA:178,0
DA:182,0
DA:183,0
DA:184,0
DA:185,0
DA:187,0
DA:188,0
DA:189,0
DA:193,0
DA:194,0
DA:195,0
DA:196,0
DA:198,0
DA:202,0
DA:203,0
DA:204,0
DA:207,0
DA:208,0
DA:209,0
DA:211,0
DA:216,0
DA:217,0
DA:218,0
DA:224,0
DA:225,0
DA:226,0
DA:233,0
DA:234,0
DA:235,0
DA:236,0
DA:237,0
DA:238,0
DA:240,0
DA:241,0
DA:242,0
DA:246,0
DA:247,0
DA:249,0
DA:250,0
DA:251,0
DA:252,0
DA:254,0
LF:152
LH:0
BRDA:8,0,0,0
BRDA:8,0,1,0
BRDA:11,1,0,0
BRDA:11,1,1,0
BRDA:11,1,2,0
BRDA:15,2,0,0
BRDA:15,2,1,0
BRDA:17,3,0,0
BRDA:17,3,1,0
BRDA:18,4,0,0
BRDA:18,4,1,0
BRDA:18,5,0,0
BRDA:18,5,1,0
BRDA:19,6,0,0
BRDA:19,6,1,0
BRDA:25,7,0,0
BRDA:25,7,1,0
BRDA:30,8,0,0
BRDA:30,8,1,0
BRDA:40,9,0,0
BRDA:40,9,1,0
BRDA:41,10,0,0
BRDA:41,10,1,0
BRDA:46,11,0,0
BRDA:46,11,1,0
BRDA:50,12,0,0
BRDA:50,12,1,0
BRDA:54,13,0,0
BRDA:55,14,0,0
BRDA:55,14,1,0
BRDA:59,15,0,0
BRDA:60,16,0,0
BRDA:60,16,1,0
BRDA:61,17,0,0
BRDA:61,17,1,0
BRDA:63,18,0,0
BRDA:63,18,1,0
BRDA:68,19,0,0
BRDA:69,20,0,0
BRDA:69,20,1,0
BRDA:70,21,0,0
BRDA:70,21,1,0
BRDA:72,22,0,0
BRDA:72,22,1,0
BRDA:77,23,0,0
BRDA:78,24,0,0
BRDA:78,24,1,0
BRDA:79,25,0,0
BRDA:79,25,1,0
BRDA:81,26,0,0
BRDA:81,26,1,0
BRDA:81,27,0,0
BRDA:81,27,1,0
BRDA:81,27,2,0
BRDA:82,28,0,0
BRDA:82,28,1,0
BRDA:82,29,0,0
BRDA:82,29,1,0
BRDA:82,29,2,0
BRDA:84,30,0,0
BRDA:84,30,1,0
BRDA:89,31,0,0
BRDA:89,31,1,0
BRDA:90,32,0,0
BRDA:90,32,1,0
BRDA:94,33,0,0
BRDA:95,34,0,0
BRDA:95,34,1,0
BRDA:96,35,0,0
BRDA:96,35,1,0
BRDA:96,36,0,0
BRDA:96,36,1,0
BRDA:98,37,0,0
BRDA:98,37,1,0
BRDA:105,38,0,0
BRDA:105,38,1,0
BRDA:105,39,0,0
BRDA:105,39,1,0
BRDA:106,40,0,0
BRDA:106,40,1,0
BRDA:107,41,0,0
BRDA:107,41,1,0
BRDA:108,42,0,0
BRDA:108,42,1,0
BRDA:119,43,0,0
BRDA:119,43,1,0
BRDA:122,44,0,0
BRDA:122,44,1,0
BRDA:122,45,0,0
BRDA:122,45,1,0
BRDA:124,46,0,0
BRDA:124,46,1,0
BRDA:125,47,0,0
BRDA:125,47,1,0
BRDA:139,48,0,0
BRDA:139,48,1,0
BRDA:154,49,0,0
BRDA:154,50,0,0
BRDA:157,51,0,0
BRDA:157,51,1,0
BRDA:159,52,0,0
BRDA:159,52,1,0
BRDA:159,53,0,0
BRDA:159,53,1,0
BRDA:174,54,0,0
BRDA:174,54,1,0
BRDA:182,55,0,0
BRDA:187,56,0,0
BRDA:187,56,1,0
BRDA:187,57,0,0
BRDA:187,57,1,0
BRDA:188,58,0,0
BRDA:188,58,1,0
BRDA:188,59,0,0
BRDA:188,59,1,0
BRDA:203,60,0,0
BRDA:203,60,1,0
BRDA:208,61,0,0
BRDA:208,61,1,0
BRDA:211,62,0,0
BRDA:211,62,1,0
BRDA:217,63,0,0
BRDA:217,63,1,0
BRDA:225,64,0,0
BRDA:225,64,1,0
BRDA:237,65,0,0
BRDA:237,65,1,0
BRDA:250,66,0,0
BRDA:250,66,1,0
BRF:129
BRH:0
end_of_record
TN:
SF:utils/validators.js
FN:7,(anonymous_0)
FN:13,(anonymous_1)
FN:39,(anonymous_2)
FN:68,(anonymous_3)
FN:74,(anonymous_4)
FN:80,(anonymous_5)
FN:92,(anonymous_6)
FN:102,(anonymous_7)
FN:126,(anonymous_8)
FN:132,(anonymous_9)
FN:146,(anonymous_10)
FN:152,(anonymous_11)
FN:158,(anonymous_12)
FN:163,(anonymous_13)
FN:171,(anonymous_14)
FNF:15
FNH:0
FNDA:0,(anonymous_0)
FNDA:0,(anonymous_1)
FNDA:0,(anonymous_2)
FNDA:0,(anonymous_3)
FNDA:0,(anonymous_4)
FNDA:0,(anonymous_5)
FNDA:0,(anonymous_6)
FNDA:0,(anonymous_7)
FNDA:0,(anonymous_8)
FNDA:0,(anonymous_9)
FNDA:0,(anonymous_10)
FNDA:0,(anonymous_11)
FNDA:0,(anonymous_12)
FNDA:0,(anonymous_13)
FNDA:0,(anonymous_14)
DA:7,0
DA:8,0
DA:9,0
DA:13,0
DA:14,0
DA:16,0
DA:17,0
DA:19,0
DA:20,0
DA:21,0
DA:24,0
DA:25,0
DA:26,0
DA:28,0
DA:29,0
DA:30,0
DA:33,0
DA:34,0
DA:35,0
DA:39,0
DA:40,0
DA:42,0
DA:43,0
DA:45,0
DA:46,0
DA:48,0
DA:49,0
DA:50,0
DA:53,0
DA:54,0
DA:55,0
DA:57,0
DA:58,0
DA:59,0
DA:62,0
DA:63,0
DA:64,0
DA:68,0
DA:69,0
DA:70,0
DA:74,0
DA:75,0
DA:76,0
DA:80,0
DA:81,0
DA:83,0
DA:84,0
DA:85,0
DA:86,0
DA:88,0
DA:92,0
DA:93,0
DA:94,0
DA:95,0
DA:97,0
DA:102,0
DA:103,0
DA:105,0
DA:107,0
DA:108,0
DA:110,0
DA:111,0
DA:113,0
DA:114,0
DA:115,0
DA:118,0
DA:119,0
DA:122,0
DA:126,0
DA:127,0
DA:128,0
DA:132,0
DA:133,0
DA:134,0
DA:135,0
DA:136,0
DA:138,0
DA:139,0
DA:142,0
DA:146,0
DA:147,0
DA:148,0
DA:152,0
DA:153,0
DA:154,0
DA:158,0
DA:159,0
DA:163,0
DA:164,0
DA:165,0
DA:167,0
DA:171,0
DA:172,0
DA:179,0
LF:94
LH:0
BRDA:16,0,0,0
BRDA:16,0,1,0
BRDA:17,1,0,0
BRDA:17,1,1,0
BRDA:25,2,0,0
BRDA:25,2,1,0
BRDA:26,3,0,0
BRDA:26,3,1,0
BRDA:34,4,0,0
BRDA:34,4,1,0
BRDA:42,5,0,0
BRDA:42,5,1,0
BRDA:43,6,0,0
BRDA:43,6,1,0
BRDA:54,7,0,0
BRDA:54,7,1,0
BRDA:55,8,0,0
BRDA:55,8,1,0
BRDA:63,9,0,0
BRDA:63,9,1,0
BRDA:70,10,0,0
BRDA:70,10,1,0
BRDA:80,11,0,0
BRDA:81,12,0,0
BRDA:81,12,1,0
BRDA:88,13,0,0
BRDA:88,13,1,0
BRDA:88,13,2,0
BRDA:88,13,3,0
BRDA:105,14,0,0
BRDA:105,14,1,0
BRDA:105,15,0,0
BRDA:105,15,1,0
BRDA:113,16,0,0
BRDA:113,16,1,0
BRDA:115,17,0,0
BRDA:115,17,1,0
BRDA:128,18,0,0
BRDA:128,18,1,0
BRDA:132,19,0,0
BRDA:138,20,0,0
BRDA:138,20,1,0
BRDA:138,21,0,0
BRDA:138,21,1,0
BRDA:138,21,2,0
BRDA:167,22,0,0
BRDA:167,22,1,0
BRDA:171,23,0,0
BRDA:179,24,0,0
BRDA:179,24,1,0
BRF:50
BRH:0
end_of_record
